V[MAPF ] [2024-05-22 14:46:21.09072 1361438] /home/ubuntu/code/v2xstack/src/tools/v2xapp_gbframetool/v2xapp_mapfunc.c:v2xapp_GBGenMapUper:105:len=18366 ee
V/HEX : 0000-001F: 3C 4D 65 73 73 61 67 65  46 72 61 6D 65 3E 0D 0A  20 20 20 20 3C 6D 61 70  46 72 61 6D 65 3E 0D 0A    <MessageFrame>..    <mapFrame>..
V/HEX : 0020-003F: 20 20 20 20 20 20 20 20  3C 6D 73 67 43 6E 74 3E  31 30 3C 2F 6D 73 67 43  6E 74 3E 0D 0A 20 20 20            <msgCnt>10</msgCnt>..   
V/HEX : 0040-005F: 20 20 20 20 20 3C 6E 6F  64 65 73 3E 0D 0A 20 20  20 20 20 20 20 20 20 20  20 20 3C 4E 6F 64 65 3E         <nodes>..            <Node>
V/HEX : 0060-007F: 0D 0A 20 20 20 20 20 20  20 20 20 20 20 20 20 20  20 20 3C 6E 61 6D 65 3E  73 69 6D 75 6C 61 74 69    ..                <name>simulati
V/HEX : 0080-009F: 6F 6E 3C 2F 6E 61 6D 65  3E 0D 0A 20 20 20 20 20  20 20 20 20 20 20 20 20  20 20 20 3C 69 64 3E 0D    on</name>..                <id>.
V/HEX : 00A0-00BF: 0A 20 20 20 20 20 20 20  20 20 20 20 20 20 20 20  20 20 20 20 20 3C 72 65  67 69 6F 6E 3E 31 3C 2F    .                    <region>1</
V/HEX : 00C0-00DF: 72 65 67 69 6F 6E 3E 0D  0A 20 20 20 20 20 20 20  20 20 20 20 20 20 20 20  20 20 20 20 20 3C 69 64    region>..                    <id
V/HEX : 00E0-00FF: 3E 31 30 32 3C 2F 69 64  3E 0D 0A 20 20 20 20 20  20 20 20 20 20 20 20 20  20 20 20 3C 2F 69 64 3E    >102</id>..                </id>
V/HEX : 0100-011F: 0D 0A 20 20 20 20 20 20  20 20 20 20 20 20 20 20  20 20 3C 72 65 66 50 6F  73 3E 0D 0A 20 20 20 20    ..                <refPos>..    
V/HEX : 0120-013F: 20 20 20 20 20 20 20 20  20 20 20 20 20 20 20 20  3C 6C 61 74 3E 33 39 39  30 36 35 35 38 35 3C 2F                    <lat>399065585</
V/HEX : 0140-015F: 6C 61 74 3E 0D 0A 20 20  20 20 20 20 20 20 20 20  20 20 20 20 20 20 20 20  20 20 3C 6C 6F 6E 67 3E    lat>..                    <long>
V/HEX : 0160-017F: 31 31 36 34 30 30 35 31  36 39 3C 2F 6C 6F 6E 67  3E 0D 0A 20 20 20 20 20  20 20 20 20 20 20 20 20    1164005169</long>..             
V/HEX : 0180-019F: 20 20 20 20 20 20 20 3C  65 6C 65 76 61 74 69 6F  6E 3E 30 3C 2F 65 6C 65  76 61 74 69 6F 6E 3E 0D           <elevation>0</elevation>.
V/HEX : 01A0-01BF: 0A 20 20 20 20 20 20 20  20 20 20 20 20 20 20 20  20 3C 2F 72 65 66 50 6F  73 3E 0D 0A 20 20 20 20    .                </refPos>..    
V/HEX : 01C0-01DF: 20 20 20 20 20 20 20 20  20 20 20 20 3C 69 6E 4C  69 6E 6B 73 3E 0D 0A 20  20 20 20 20 20 20 20 20                <inLinks>..         
V/HEX : 01E0-01FF: 20 20 20 20 20 20 20 20  20 20 20 3C 4C 69 6E 6B  3E 0D 0A 20 20 20 20 20  20 20 20 20 20 20 20 20               <Link>..             
V/HEX : 0200-021F: 20 20 20 20 20 20 20 20  20 20 20 3C 6E 61 6D 65  3E 73 6F 75 74 68 3C 2F  6E 61 6D 65 3E 0D 0A 20               <name>south</name>.. 
V/HEX : 0220-023F: 20 20 20 20 20 20 20 20  20 20 20 20 20 20 20 20  20 20 20 20 20 20 20 3C  75 70 73 74 72 65 61 6D                           <upstream
V/HEX : 0240-025F: 4E 6F 64 65 49 64 3E 0D  0A 20 20 20 20 20 20 20  20 20 20 20 20 20 20 20  20 20 20 20 20 20 20 20    NodeId>..                       
V/HEX : 0260-027F: 20 20 20 20 20 3C 72 65  67 69 6F 6E 3E 31 3C 2F  72 65 67 69 6F 6E 3E 0D  0A 20 20 20 20 20 20 20         <region>1</region>..       
V/HEX : 0280-029F: 20 20 20 20 20 20 20 20  20 20 20 20 20 20 20 20  20 20 20 20 20 3C 69 64  3E 31 30 31 3C 2F 69 64                         <id>101</id
V/HEX : 02A0-02BF: 3E 0D 0A 20 20 20 20 20  20 20 20 20 20 20 20 20  20 20 20 20 20 20 20 20  20 20 20 3C 2F 75 70 73    >..                        </ups
V/HEX : 02C0-02DF: 74 72 65 61 6D 4E 6F 64  65 49 64 3E 0D 0A 20 20  20 20 20 20 20 20 20 20  20 20 20 20 20 20 20 20    treamNodeId>..                  
V/HEX : 02E0-02FF: 20 20 20 20 20 20 3C 73  70 65 65 64 4C 69 6D 69  74 73 3E 0D 0A 20 20 20  20 20 20 20 20 20 20 20          <speedLimits>..           
V/HEX : 0300-031F: 20 20 20 20 20 20 20 20  20 20 20 20 20 20 20 20  20 3C 52 65 67 75 6C 61  74 6F 72 79 53 70 65 65                     <RegulatorySpee
V/HEX : 0320-033F: 64 4C 69 6D 69 74 3E 0D  0A 20 20 20 20 20 20 20  20 20 20 20 20 20 20 20  20 20 20 20 20 20 20 20    dLimit>..                       
V/HEX : 0340-035F: 20 20 20 20 20 20 20 20  20 3C 74 79 70 65 3E 3C  76 65 68 69 63 6C 65 4D  61 78 53 70 65 65 64 2F             <type><vehicleMaxSpeed/
V/HEX : 0360-037F: 3E 3C 2F 74 79 70 65 3E  0D 0A 20 20 20 20 20 20  20 20 20 20 20 20 20 20  20 20 20 20 20 20 20 20    ></type>..                      
V/HEX : 0380-039F: 20 20 20 20 20 20 20 20  20 20 3C 73 70 65 65 64  3E 31 33 38 39 3C 2F 73  70 65 65 64 3E 0D 0A 20              <speed>1389</speed>.. 
V/HEX : 03A0-03BF: 20 20 20 20 20 20 20 20  20 20 20 20 20 20 20 20  20 20 20 20 20 20 20 20  20 20 20 3C 2F 52 65 67                               </Reg
V/HEX : 03C0-03DF: 75 6C 61 74 6F 72 79 53  70 65 65 64 4C 69 6D 69  74 3E 0D 0A 20 20 20 20  20 20 20 20 20 20 20 20    ulatorySpeedLimit>..            
V/HEX : 03E0-03FF: 20 20 20 20 20 20 20 20  20 20 20 20 3C 2F 73 70  65 65 64 4C 69 6D 69 74  73 3E 0D 0A 20 20 20 20                </speedLimits>..    
V/HEX : 0400-041F: 20 20 20 20 20 20 20 20  20 20 20 20 20 20 20 20  20 20 20 20 3C 6C 69 6E  6B 57 69 64 74 68 3E 33                        <linkWidth>3
V/HEX : 0420-043F: 37 35 3C 2F 6C 69 6E 6B  57 69 64 74 68 3E 0D 0A  20 20 20 20 20 20 20 20  20 20 20 20 20 20 20 20    75</linkWidth>..                
V/HEX : 0440-045F: 20 20 20 20 20 20 20 20  3C 6C 61 6E 65 73 3E 0D  0A 20 20 20 20 20 20 20  20 20 20 20 20 20 20 20            <lanes>..               
V/HEX : 0460-047F: 20 20 20 20 20 20 20 20  20 20 20 20 20 3C 4C 61  6E 65 3E 0D 0A 20 20 20  20 20 20 20 20 20 20 20                 <Lane>..           
V/HEX : 0480-049F: 20 20 20 20 20 20 20 20  20 20 20 20 20 20 20 20  20 20 20 20 20 3C 6C 61  6E 65 49 44 3E 31 3C 2F                         <laneID>1</
V/HEX : 04A0-04BF: 6C 61 6E 65 49 44 3E 0D  0A 20 20 20 20 20 20 20  20 20 20 20 20 20 20 20  20 20 20 20 20 20 20 20    laneID>..                       
V/HEX : 04C0-04DF: 20 20 20 20 20 20 20 20  20 3C 6C 61 6E 65 57 69  64 74 68 3E 33 37 35 3C  2F 6C 61 6E 65 57 69 64             <laneWidth>375</laneWid
V/HEX : 04E0-04FF: 74 68 3E 0D 0A 20 20 20  20 20 20 20 20 20 20 20  20 20 20 20 20 20 20 20  20 20 20 20 20 20 20 20    th>..                           
V/HEX : 0500-051F: 20 20 20 20 20 3C 6D 61  6E 65 75 76 65 72 73 3E  0D 0A 20 20 20 20 20 20  20 20 20 20 20 20 20 20         <maneuvers>..              
V/HEX : 0520-053F: 20 20 20 20 20 20 20 20  20 20 20 20 20 20 20 20  20 20 20 20 20 20 31 31  30 30 30 30 30 30 30 30                          1100000000
V/HEX : 0540-055F: 30 30 0D 0A 20 20 20 20  20 20 20 20 20 20 20 20  20 20 20 20 20 20 20 20  20 20 20 20 20 20 20 20    00..                            
V/HEX : 0560-057F: 20 20 20 20 3C 2F 6D 61  6E 65 75 76 65 72 73 3E  0D 0A 20 20 20 20 20 20  20 20 20 20 20 20 20 20        </maneuvers>..              
V/HEX : 0580-059F: 20 20 20 20 20 20 20 20  20 20 20 20 20 20 20 20  20 20 3C 63 6F 6E 6E 65  63 74 73 54 6F 3E 0D 0A                      <connectsTo>..
V/HEX : 05A0-05BF: 20 20 20 20 20 20 20 20  20 20 20 20 20 20 20 20  20 20 20 20 20 20 20 20  20 20 20 20 20 20 20 20                                    
V/HEX : 05C0-05DF: 20 20 20 20 3C 43 6F 6E  6E 65 63 74 69 6F 6E 3E  0D 0A 20 20 20 20 20 20  20 20 20 20 20 20 20 20        <Connection>..              
V/HEX : 05E0-05FF: 20 20 20 20 20 20 20 20  20 20 20 20 20 20 20 20  20 20 20 20 20 20 20 20  20 20 3C 72 65 6D 6F 74                              <remot
V/HEX : 0600-061F: 65 49 6E 74 65 72 73 65  63 74 69 6F 6E 3E 0D 0A  20 20 20 20 20 20 20 20  20 20 20 20 20 20 20 20    eIntersection>..                
V/HEX : 0620-063F: 20 20 20 20 20 20 20 20  20 20 20 20 20 20 20 20  20 20 20 20 20 20 20 20  20 20 20 20 3C 72 65 67                                <reg
V/HEX : 0640-065F: 69 6F 6E 3E 31 3C 2F 72  65 67 69 6F 6E 3E 0D 0A  20 20 20 20 20 20 20 20  20 20 20 20 20 20 20 20    ion>1</region>..                
V/HEX : 0660-067F: 20 20 20 20 20 20 20 20  20 20 20 20 20 20 20 20  20 20 20 20 20 20 20 20  20 20 20 20 3C 69 64 3E                                <id>
V/HEX : 0680-069F: 31 30 35 3C 2F 69 64 3E  0D 0A 20 20 20 20 20 20  20 20 20 20 20 20 20 20  20 20 20 20 20 20 20 20    105</id>..                      
V/HEX : 06A0-06BF: 20 20 20 20 20 20 20 20  20 20 20 20 20 20 20 20  20 20 3C 2F 72 65 6D 6F  74 65 49 6E 74 65 72 73                      </remoteInters
V/HEX : 06C0-06DF: 65 63 74 69 6F 6E 3E 0D  0A 20 20 20 20 20 20 20  20 20 20 20 20 20 20 20  20 20 20 20 20 20 20 20    ection>..                       
V/HEX : 06E0-06FF: 20 20 20 20 20 20 20 20  20 20 20 20 20 20 20 20  20 3C 63 6F 6E 6E 65 63  74 69 6E 67 4C 61 6E 65                     <connectingLane
V/HEX : 0700-071F: 3E 0D 0A 20 20 20 20 20  20 20 20 20 20 20 20 20  20 20 20 20 20 20 20 20  20 20 20 20 20 20 20 20    >..                             
V/HEX : 0720-073F: 20 20 20 20 20 20 20 20  20 20 20 20 20 20 20 3C  6C 61 6E 65 3E 31 3C 2F  6C 61 6E 65 3E 0D 0A 20                   <lane>1</lane>.. 
V/HEX : 0740-075F: 20 20 20 20 20 20 20 20  20 20 20 20 20 20 20 20  20 20 20 20 20 20 20 20  20 20 20 20 20 20 20 20                                    
V/HEX : 0760-077F: 20 20 20 20 20 20 20 20  20 20 20 3C 6D 61 6E 65  75 76 65 72 3E 0D 0A 20  20 20 20 20 20 20 20 20               <maneuver>..         
V/HEX : 0780-079F: 20 20 20 20 20 20 20 20  20 20 20 20 20 20 20 20  20 20 20 20 20 20 20 20  20 20 20 20 20 20 20 20                                    
V/HEX : 07A0-07BF: 20 20 20 20 20 20 20 31  30 30 30 30 30 30 30 30  30 30 30 0D 0A 20 20 20  20 20 20 20 20 20 20 20           100000000000..           
V/HEX : 07C0-07DF: 20 20 20 20 20 20 20 20  20 20 20 20 20 20 20 20  20 20 20 20 20 20 20 20  20 20 20 20 20 20 20 20                                    
V/HEX : 07E0-07FF: 20 3C 2F 6D 61 6E 65 75  76 65 72 3E 0D 0A 20 20  20 20 20 20 20 20 20 20  20 20 20 20 20 20 20 20     </maneuver>..                  
V/HEX : 0800-081F: 20 20 20 20 20 20 20 20  20 20 20 20 20 20 20 20  20 20 20 20 20 20 3C 2F  63 6F 6E 6E 65 63 74 69                          </connecti
V/HEX : 0820-083F: 6E 67 4C 61 6E 65 3E 0D  0A 20 20 20 20 20 20 20  20 20 20 20 20 20 20 20  20 20 20 20 20 20 20 20    ngLane>..                       
V/HEX : 0840-085F: 20 20 20 20 20 20 20 20  20 20 20 20 20 3C 2F 43  6F 6E 6E 65 63 74 69 6F  6E 3E 0D 0A 20 20 20 20                 </Connection>..    
V/HEX : 0860-087F: 20 20 20 20 20 20 20 20  20 20 20 20 20 20 20 20  20 20 20 20 20 20 20 20  20 20 20 20 20 20 20 20                                    
V/HEX : 0880-089F: 3C 43 6F 6E 6E 65 63 74  69 6F 6E 3E 0D 0A 20 20  20 20 20 20 20 20 20 20  20 20 20 20 20 20 20 20    <Connection>..                  
V/HEX : 08A0-08BF: 20 20 20 20 20 20 20 20  20 20 20 20 20 20 20 20  20 20 20 20 20 20 3C 72  65 6D 6F 74 65 49 6E 74                          <remoteInt
V/HEX : 08C0-08DF: 65 72 73 65 63 74 69 6F  6E 3E 0D 0A 20 20 20 20  20 20 20 20 20 20 20 20  20 20 20 20 20 20 20 20    ersection>..                    
V/HEX : 08E0-08FF: 20 20 20 20 20 20 20 20  20 20 20 20 20 20 20 20  20 20 20 20 20 20 20 20  3C 72 65 67 69 6F 6E 3E                            <region>
V/HEX : 0900-091F: 31 3C 2F 72 65 67 69 6F  6E 3E 0D 0A 20 20 20 20  20 20 20 20 20 20 20 20  20 20 20 20 20 20 20 20    1</region>..                    
V/HEX : 0920-093F: 20 20 20 20 20 20 20 20  20 20 20 20 20 20 20 20  20 20 20 20 20 20 20 20  3C 69 64 3E 31 30 33 3C                            <id>103<
V/HEX : 0940-095F: 2F 69 64 3E 0D 0A 20 20  20 20 20 20 20 20 20 20  20 20 20 20 20 20 20 20  20 20 20 20 20 20 20 20    /id>..                          
V/HEX : 0960-097F: 20 20 20 20 20 20 20 20  20 20 20 20 20 20 3C 2F  72 65 6D 6F 74 65 49 6E  74 65 72 73 65 63 74 69                  </remoteIntersecti
V/HEX : 0980-099F: 6F 6E 3E 0D 0A 20 20 20  20 20 20 20 20 20 20 20  20 20 20 20 20 20 20 20  20 20 20 20 20 20 20 20    on>..                           
V/HEX : 09A0-09BF: 20 20 20 20 20 20 20 20  20 20 20 20 20 3C 63 6F  6E 6E 65 63 74 69 6E 67  4C 61 6E 65 3E 0D 0A 20                 <connectingLane>.. 
V/HEX : 09C0-09DF: 20 20 20 20 20 20 20 20  20 20 20 20 20 20 20 20  20 20 20 20 20 20 20 20  20 20 20 20 20 20 20 20                                    
V/HEX : 09E0-09FF: 20 20 20 20 20 20 20 20  20 20 20 3C 6C 61 6E 65  3E 31 3C 2F 6C 61 6E 65  3E 0D 0A 20 20 20 20 20               <lane>1</lane>..     
V/HEX : 0A00-0A1F: 20 20 20 20 20 20 20 20  20 20 20 20 20 20 20 20  20 20 20 20 20 20 20 20  20 20 20 20 20 20 20 20                                    
V/HEX : 0A20-0A3F: 20 20 20 20 20 20 20 3C  6D 61 6E 65 75 76 65 72  3E 0D 0A 20 20 20 20 20  20 20 20 20 20 20 20 20           <maneuver>..             
V/HEX : 0A40-0A5F: 20 20 20 20 20 20 20 20  20 20 20 20 20 20 20 20  20 20 20 20 20 20 20 20  20 20 20 20 20 20 20 20                                    
V/HEX : 0A60-0A7F: 20 20 20 30 31 30 30 30  30 30 30 30 30 30 30 0D  0A 20 20 20 20 20 20 20  20 20 20 20 20 20 20 20       010000000000..               
V/HEX : 0A80-0A9F: 20 20 20 20 20 20 20 20  20 20 20 20 20 20 20 20  20 20 20 20 20 20 20 20  20 20 20 20 20 3C 2F 6D                                 </m
V/HEX : 0AA0-0ABF: 61 6E 65 75 76 65 72 3E  0D 0A 20 20 20 20 20 20  20 20 20 20 20 20 20 20  20 20 20 20 20 20 20 20    aneuver>..                      
V/HEX : 0AC0-0ADF: 20 20 20 20 20 20 20 20  20 20 20 20 20 20 20 20  20 20 3C 2F 63 6F 6E 6E  65 63 74 69 6E 67 4C 61                      </connectingLa
V/HEX : 0AE0-0AFF: 6E 65 3E 0D 0A 20 20 20  20 20 20 20 20 20 20 20  20 20 20 20 20 20 20 20  20 20 20 20 20 20 20 20    ne>..                           
V/HEX : 0B00-0B1F: 20 20 20 20 20 20 20 20  20 3C 2F 43 6F 6E 6E 65  63 74 69 6F 6E 3E 20 20  20 20 20 20 20 20 20 20             </Connection>          
V/HEX : 0B20-0B3F: 20 20 20 20 20 20 20 20  20 20 20 20 20 20 20 20  20 20 20 20 20 20 20 20  20 20 0D 0A 20 20 20 20                              ..    
V/HEX : 0B40-0B5F: 20 20 20 20 20 20 20 20  20 20 20 20 20 20 20 20  20 20 20 20 20 20 20 20  20 20 20 20 3C 2F 63 6F                                </co
V/HEX : 0B60-0B7F: 6E 6E 65 63 74 73 54 6F  3E 0D 0A 20 20 20 20 20  20 20 20 20 20 20 20 20  20 20 20 20 20 20 20 20    nnectsTo>..                     
V/HEX : 0B80-0B9F: 20 20 20 20 20 20 20 20  20 20 20 3C 70 6F 69 6E  74 73 3E 0D 0A 20 20 20  20 20 20 20 20 20 20 20               <points>..           
V/HEX : 0BA0-0BBF: 20 20 20 20 20 20 20 20  20 20 20 20 20 20 20 20  20 20 20 20 20 20 20 20  20 3C 52 6F 61 64 50 6F                             <RoadPo
V/HEX : 0BC0-0BDF: 69 6E 74 3E 0D 0A 20 20  20 20 20 20 20 20 20 20  20 20 20 20 20 20 20 20  20 20 20 20 20 20 20 20    int>..                          
V/HEX : 0BE0-0BFF: 20 20 20 20 20 20 20 20  20 20 20 20 20 20 3C 70  6F 73 4F 66 66 73 65 74  3E 0D 0A 20 20 20 20 20                  <posOffset>..     
V/HEX : 0C00-0C1F: 20 20 20 20 20 20 20 20  20 20 20 20 20 20 20 20  20 20 20 20 20 20 20 20  20 20 20 20 20 20 20 20                                    
V/HEX : 0C20-0C3F: 20 20 20 20 20 20 20 3C  6F 66 66 73 65 74 4C 4C  3E 0D 0A 20 20 20 20 20  20 20 20 20 20 20 20 20           <offsetLL>..             
V/HEX : 0C40-0C5F: 20 20 20 20 20 20 20 20  20 20 20 20 20 20 20 20  20 20 20 20 20 20 20 20  20 20 20 20 20 20 20 20                                    
V/HEX : 0C60-0C7F: 20 20 20 3C 70 6F 73 69  74 69 6F 6E 2D 4C 61 74  4C 6F 6E 3E 0D 0A 20 20  20 20 20 20 20 20 20 20       <position-LatLon>..          
V/HEX : 0C80-0C9F: 20 20 20 20 20 20 20 20  20 20 20 20 20 20 20 20  20 20 20 20 20 20 20 20  20 20 20 20 20 20 20 20                                    
V/HEX : 0CA0-0CBF: 20 20 20 20 20 20 20 20  20 20 3C 6C 6F 6E 3E 31  31 36 34 30 30 35 34 32  38 3C 2F 6C 6F 6E 3E 0D              <lon>1164005428</lon>.
V/HEX : 0CC0-0CDF: 0A 20 20 20 20 20 20 20  20 20 20 20 20 20 20 20  20 20 20 20 20 20 20 20  20 20 20 20 20 20 20 20    .                               
V/HEX : 0CE0-0CFF: 20 20 20 20 20 20 20 20  20 20 20 20 20 20 20 20  20 20 20 20 20 3C 6C 61  74 3E 33 39 39 30 35 39                         <lat>399059
V/HEX : 0D00-0D1F: 36 34 34 3C 2F 6C 61 74  3E 0D 0A 20 20 20 20 20  20 20 20 20 20 20 20 20  20 20 20 20 20 20 20 20    644</lat>..                     
V/HEX : 0D20-0D3F: 20 20 20 20 20 20 20 20  20 20 20 20 20 20 20 20  20 20 20 20 20 20 20 20  20 20 20 3C 2F 70 6F 73                               </pos
V/HEX : 0D40-0D5F: 69 74 69 6F 6E 2D 4C 61  74 4C 6F 6E 3E 0D 0A 20  20 20 20 20 20 20 20 20  20 20 20 20 20 20 20 20    ition-LatLon>..                 
V/HEX : 0D60-0D7F: 20 20 20 20 20 20 20 20  20 20 20 20 20 20 20 20  20 20 20 20 20 20 20 20  20 20 20 3C 2F 6F 66 66                               </off
V/HEX : 0D80-0D9F: 73 65 74 4C 4C 3E 0D 0A  20 20 20 20 20 20 20 20  20 20 20 20 20 20 20 20  20 20 20 20 20 20 20 20    setLL>..                        
V/HEX : 0DA0-0DBF: 20 20 20 20 20 20 20 20  20 20 20 20 20 20 20 20  20 20 20 20 3C 6F 66 66  73 65 74 56 3E 0D 0A 20                        <offsetV>.. 
V/HEX : 0DC0-0DDF: 20 20 20 20 20 20 20 20  20 20 20 20 20 20 20 20  20 20 20 20 20 20 20 20  20 20 20 20 20 20 20 20                                    
V/HEX : 0DE0-0DFF: 20 20 20 20 20 20 20 20  20 20 20 20 20 20 20 3C  65 6C 65 76 61 74 69 6F  6E 3E 30 3C 2F 65 6C 65                   <elevation>0</ele
V/HEX : 0E00-0E1F: 76 61 74 69 6F 6E 3E 0D  0A 20 20 20 20 20 20 20  20 20 20 20 20 20 20 20  20 20 20 20 20 20 20 20    vation>..                       
V/HEX : 0E20-0E3F: 20 20 20 20 20 20 20 20  20 20 20 20 20 20 20 20  20 20 20 20 20 3C 2F 6F  66 66 73 65 74 56 3E 0D                         </offsetV>.
V/HEX : 0E40-0E5F: 0A 20 20 20 20 20 20 20  20 20 20 20 20 20 20 20  20 20 20 20 20 20 20 20  20 20 20 20 20 20 20 20    .                               
V/HEX : 0E60-0E7F: 20 20 20 20 20 20 20 20  20 3C 2F 70 6F 73 4F 66  66 73 65 74 3E 0D 0A 20  20 20 20 20 20 20 20 20             </posOffset>..         
V/HEX : 0E80-0E9F: 20 20 20 20 20 20 20 20  20 20 20 20 20 20 20 20  20 20 20 20 20 20 20 20  20 20 20 3C 2F 52 6F 61                               </Roa
V/HEX : 0EA0-0EBF: 64 50 6F 69 6E 74 3E 0D  0A 20 20 20 20 20 20 20  20 20 20 20 20 20 20 20  20 20 20 20 20 20 20 20    dPoint>..                       
V/HEX : 0EC0-0EDF: 20 20 20 20 20 20 20 20  20 20 20 20 20 3C 52 6F  61 64 50 6F 69 6E 74 3E  0D 0A 20 20 20 20 20 20                 <RoadPoint>..      
V/HEX : 0EE0-0EFF: 20 20 20 20 20 20 20 20  20 20 20 20 20 20 20 20  20 20 20 20 20 20 20 20  20 20 20 20 20 20 20 20                                    
V/HEX : 0F00-0F1F: 20 20 3C 70 6F 73 4F 66  66 73 65 74 3E 0D 0A 20  20 20 20 20 20 20 20 20  20 20 20 20 20 20 20 20      <posOffset>..                 
V/HEX : 0F20-0F3F: 20 20 20 20 20 20 20 20  20 20 20 20 20 20 20 20  20 20 20 20 20 20 20 20  20 20 20 3C 6F 66 66 73                               <offs
V/HEX : 0F40-0F5F: 65 74 4C 4C 3E 0D 0A 20  20 20 20 20 20 20 20 20  20 20 20 20 20 20 20 20  20 20 20 20 20 20 20 20    etLL>..                         
V/HEX : 0F60-0F7F: 20 20 20 20 20 20 20 20  20 20 20 20 20 20 20 20  20 20 20 20 20 20 20 3C  70 6F 73 69 74 69 6F 6E                           <position
V/HEX : 0F80-0F9F: 2D 4C 61 74 4C 6F 6E 3E  0D 0A 20 20 20 20 20 20  20 20 20 20 20 20 20 20  20 20 20 20 20 20 20 20    -LatLon>..                      
V/HEX : 0FA0-0FBF: 20 20 20 20 20 20 20 20  20 20 20 20 20 20 20 20  20 20 20 20 20 20 20 20  20 20 20 20 20 20 3C 6C                                  <l
V/HEX : 0FC0-0FDF: 6F 6E 3E 31 31 36 34 30  30 35 34 32 38 3C 2F 6C  6F 6E 3E 0D 0A 20 20 20  20 20 20 20 20 20 20 20    on>1164005428</lon>..           
V/HEX : 0FE0-0FFF: 20 20 20 20 20 20 20 20  20 20 20 20 20 20 20 20  20 20 20 20 20 20 20 20  20 20 20 20 20 20 20 20                                    
V/HEX : 1000-101F: 20 20 20 20 20 20 20 20  20 3C 6C 61 74 3E 33 39  39 30 36 32 33 37 38 3C  2F 6C 61 74 3E 0D 0A 20             <lat>399062378</lat>.. 
V/HEX : 1020-103F: 20 20 20 20 20 20 20 20  20 20 20 20 20 20 20 20  20 20 20 20 20 20 20 20  20 20 20 20 20 20 20 20                                    
V/HEX : 1040-105F: 20 20 20 20 20 20 20 20  20 20 20 20 20 20 20 3C  2F 70 6F 73 69 74 69 6F  6E 2D 4C 61 74 4C 6F 6E                   </position-LatLon
V/HEX : 1060-107F: 3E 0D 0A 20 20 20 20 20  20 20 20 20 20 20 20 20  20 20 20 20 20 20 20 20  20 20 20 20 20 20 20 20    >..                             
V/HEX : 1080-109F: 20 20 20 20 20 20 20 20  20 20 20 20 20 20 20 3C  2F 6F 66 66 73 65 74 4C  4C 3E 0D 0A 20 20 20 20                   </offsetLL>..    
V/HEX : 10A0-10BF: 20 20 20 20 20 20 20 20  20 20 20 20 20 20 20 20  20 20 20 20 20 20 20 20  20 20 20 20 20 20 20 20                                    
V/HEX : 10C0-10DF: 20 20 20 20 20 20 20 20  3C 6F 66 66 73 65 74 56  3E 0D 0A 20 20 20 20 20  20 20 20 20 20 20 20 20            <offsetV>..             
V/HEX : 10E0-10FF: 20 20 20 20 20 20 20 20  20 20 20 20 20 20 20 20  20 20 20 20 20 20 20 20  20 20 20 20 20 20 20 20                                    
V/HEX : 1100-111F: 20 20 20 3C 65 6C 65 76  61 74 69 6F 6E 3E 30 3C  2F 65 6C 65 76 61 74 69  6F 6E 3E 0D 0A 20 20 20       <elevation>0</elevation>..   
V/HEX : 1120-113F: 20 20 20 20 20 20 20 20  20 20 20 20 20 20 20 20  20 20 20 20 20 20 20 20  20 20 20 20 20 20 20 20                                    
V/HEX : 1140-115F: 20 20 20 20 20 20 20 20  20 3C 2F 6F 66 66 73 65  74 56 3E 0D 0A 20 20 20  20 20 20 20 20 20 20 20             </offsetV>..           
V/HEX : 1160-117F: 20 20 20 20 20 20 20 20  20 20 20 20 20 20 20 20  20 20 20 20 20 20 20 20  20 20 20 20 20 3C 2F 70                                 </p
V/HEX : 1180-119F: 6F 73 4F 66 66 73 65 74  3E 0D 0A 20 20 20 20 20  20 20 20 20 20 20 20 20  20 20 20 20 20 20 20 20    osOffset>..                     
V/HEX : 11A0-11BF: 20 20 20 20 20 20 20 20  20 20 20 20 20 20 20 3C  2F 52 6F 61 64 50 6F 69  6E 74 3E 0D 0A 20 20 20                   </RoadPoint>..   
V/HEX : 11C0-11DF: 20 20 20 20 20 20 20 20  20 20 20 20 20 20 20 20  20 20 20 20 20 20 20 20  20 20 20 20 20 20 20 20                                    
V/HEX : 11E0-11FF: 20 3C 52 6F 61 64 50 6F  69 6E 74 3E 0D 0A 20 20  20 20 20 20 20 20 20 20  20 20 20 20 20 20 20 20     <RoadPoint>..                  
V/HEX : 1200-121F: 20 20 20 20 20 20 20 20  20 20 20 20 20 20 20 20  20 20 20 20 20 20 3C 70  6F 73 4F 66 66 73 65 74                          <posOffset
V/HEX : 1220-123F: 3E 0D 0A 20 20 20 20 20  20 20 20 20 20 20 20 20  20 20 20 20 20 20 20 20  20 20 20 20 20 20 20 20    >..                             
V/HEX : 1240-125F: 20 20 20 20 20 20 20 20  20 20 20 20 20 20 20 3C  6F 66 66 73 65 74 4C 4C  3E 0D 0A 20 20 20 20 20                   <offsetLL>..     
V/HEX : 1260-127F: 20 20 20 20 20 20 20 20  20 20 20 20 20 20 20 20  20 20 20 20 20 20 20 20  20 20 20 20 20 20 20 20                                    
V/HEX : 1280-129F: 20 20 20 20 20 20 20 20  20 20 20 3C 70 6F 73 69  74 69 6F 6E 2D 4C 61 74  4C 6F 6E 3E 0D 0A 20 20               <position-LatLon>..  
V/HEX : 12A0-12BF: 20 20 20 20 20 20 20 20  20 20 20 20 20 20 20 20  20 20 20 20 20 20 20 20  20 20 20 20 20 20 20 20                                    
V/HEX : 12C0-12DF: 20 20 20 20 20 20 20 20  20 20 20 20 20 20 20 20  20 20 3C 6C 6F 6E 3E 31  31 36 34 30 30 35 34 32                      <lon>116400542
V/HEX : 12E0-12FF: 39 3C 2F 6C 6F 6E 3E 0D  0A 20 20 20 20 20 20 20  20 20 20 20 20 20 20 20  20 20 20 20 20 20 20 20    9</lon>..                       
V/HEX : 1300-131F: 20 20 20 20 20 20 20 20  20 20 20 20 20 20 20 20  20 20 20 20 20 20 20 20  20 20 20 20 20 3C 6C 61                                 <la
V/HEX : 1320-133F: 74 3E 33 39 39 30 36 34  39 31 31 3C 2F 6C 61 74  3E 0D 0A 20 20 20 20 20  20 20 20 20 20 20 20 20    t>399064911</lat>..             
V/HEX : 1340-135F: 20 20 20 20 20 20 20 20  20 20 20 20 20 20 20 20  20 20 20 20 20 20 20 20  20 20 20 20 20 20 20 20                                    
V/HEX : 1360-137F: 20 20 20 3C 2F 70 6F 73  69 74 69 6F 6E 2D 4C 61  74 4C 6F 6E 3E 0D 0A 20  20 20 20 20 20 20 20 20       </position-LatLon>..         
V/HEX : 1380-139F: 20 20 20 20 20 20 20 20  20 20 20 20 20 20 20 20  20 20 20 20 20 20 20 20  20 20 20 20 20 20 20 20                                    
V/HEX : 13A0-13BF: 20 20 20 3C 2F 6F 66 66  73 65 74 4C 4C 3E 0D 0A  20 20 20 20 20 20 20 20  20 20 20 20 20 20 20 20       </offsetLL>..                
V/HEX : 13C0-13DF: 20 20 20 20 20 20 20 20  20 20 20 20 20 20 20 20  20 20 20 20 20 20 20 20  20 20 20 20 3C 6F 66 66                                <off
V/HEX : 13E0-13FF: 73 65 74 56 3E 0D 0A 20  20 20 20 20 20 20 20 20  20 20 20 20 20 20 20 20  20 20 20 20 20 20 20 20    setV>..                         
V/HEX : 1400-141F: 20 20 20 20 20 20 20 20  20 20 20 20 20 20 20 20  20 20 20 20 20 20 20 3C  65 6C 65 76 61 74 69 6F                           <elevatio
V/HEX : 1420-143F: 6E 3E 30 3C 2F 65 6C 65  76 61 74 69 6F 6E 3E 0D  0A 20 20 20 20 20 20 20  20 20 20 20 20 20 20 20    n>0</elevation>..               
V/HEX : 1440-145F: 20 20 20 20 20 20 20 20  20 20 20 20 20 20 20 20  20 20 20 20 20 20 20 20  20 20 20 20 20 3C 2F 6F                                 </o
V/HEX : 1460-147F: 66 66 73 65 74 56 3E 0D  0A 20 20 20 20 20 20 20  20 20 20 20 20 20 20 20  20 20 20 20 20 20 20 20    ffsetV>..                       
V/HEX : 1480-149F: 20 20 20 20 20 20 20 20  20 20 20 20 20 20 20 20  20 3C 2F 70 6F 73 4F 66  66 73 65 74 3E 0D 0A 20                     </posOffset>.. 
V/HEX : 14A0-14BF: 20 20 20 20 20 20 20 20  20 20 20 20 20 20 20 20  20 20 20 20 20 20 20 20  20 20 20 20 20 20 20 20                                    
V/HEX : 14C0-14DF: 20 20 20 3C 2F 52 6F 61  64 50 6F 69 6E 74 3E 0D  0A 20 20 20 20 20 20 20  20 20 20 20 20 20 20 20       </RoadPoint>..               
V/HEX : 14E0-14FF: 20 20 20 20 20 20 20 20  20 20 20 20 20 20 20 20  20 3C 2F 70 6F 69 6E 74  73 3E 0D 0A 20 20 20 20                     </points>..    
V/HEX : 1500-151F: 20 20 20 20 20 20 20 20  20 20 20 20 20 20 20 20  20 20 20 20 20 20 20 20  3C 2F 4C 61 6E 65 3E 0D                            </Lane>.
V/HEX : 1520-153F: 0A 20 20 20 20 20 20 20  20 20 20 20 20 20 20 20  20 20 20 20 20 20 20 20  20 3C 2F 6C 61 6E 65 73    .                        </lanes
V/HEX : 1540-155F: 3E 0D 0A 20 20 20 20 20  20 20 20 20 20 20 20 20  20 20 20 20 20 20 20 3C  2F 4C 69 6E 6B 3E 0D 0A    >..                    </Link>..
V/HEX : 1560-157F: 20 20 20 20 20 20 20 20  20 20 20 20 20 20 20 20  20 20 20 20 3C 4C 69 6E  6B 3E 0D 0A 20 20 20 20                        <Link>..    
V/HEX : 1580-159F: 20 20 20 20 20 20 20 20  20 20 20 20 20 20 20 20  20 20 20 20 3C 6E 61 6D  65 3E 6E 6F 72 74 68 3C                        <name>north<
V/HEX : 15A0-15BF: 2F 6E 61 6D 65 3E 0D 0A  20 20 20 20 20 20 20 20  20 20 20 20 20 20 20 20  20 20 20 20 20 20 20 20    /name>..                        
V/HEX : 15C0-15DF: 3C 75 70 73 74 72 65 61  6D 4E 6F 64 65 49 64 3E  0D 0A 20 20 20 20 20 20  20 20 20 20 20 20 20 20    <upstreamNodeId>..              
V/HEX : 15E0-15FF: 20 20 20 20 20 20 20 20  20 20 20 20 20 20 3C 72  65 67 69 6F 6E 3E 31 3C  2F 72 65 67 69 6F 6E 3E                  <region>1</region>
V/HEX : 1600-161F: 0D 0A 20 20 20 20 20 20  20 20 20 20 20 20 20 20  20 20 20 20 20 20 20 20  20 20 20 20 20 20 3C 69    ..                            <i
V/HEX : 1620-163F: 64 3E 31 30 35 3C 2F 69  64 3E 0D 0A 20 20 20 20  20 20 20 20 20 20 20 20  20 20 20 20 20 20 20 20    d>105</id>..                    
V/HEX : 1640-165F: 20 20 20 20 3C 2F 75 70  73 74 72 65 61 6D 4E 6F  64 65 49 64 3E 0D 0A 20  20 20 20 20 20 20 20 20        </upstreamNodeId>..         
V/HEX : 1660-167F: 20 20 20 20 20 20 20 20  20 20 20 20 20 20 20 3C  73 70 65 65 64 4C 69 6D  69 74 73 3E 0D 0A 20 20                   <speedLimits>..  
V/HEX : 1680-169F: 20 20 20 20 20 20 20 20  20 20 20 20 20 20 20 20  20 20 20 20 20 20 20 20  20 20 3C 52 65 67 75 6C                              <Regul
V/HEX : 16A0-16BF: 61 74 6F 72 79 53 70 65  65 64 4C 69 6D 69 74 3E  0D 0A 20 20 20 20 20 20  20 20 20 20 20 20 20 20    atorySpeedLimit>..              
V/HEX : 16C0-16DF: 20 20 20 20 20 20 20 20  20 20 20 20 20 20 20 20  20 20 3C 74 79 70 65 3E  3C 76 65 68 69 63 6C 65                      <type><vehicle
V/HEX : 16E0-16FF: 4D 61 78 53 70 65 65 64  2F 3E 3C 2F 74 79 70 65  3E 0D 0A 20 20 20 20 20  20 20 20 20 20 20 20 20    MaxSpeed/></type>..             
V/HEX : 1700-171F: 20 20 20 20 20 20 20 20  20 20 20 20 20 20 20 20  20 20 20 3C 73 70 65 65  64 3E 31 33 38 39 3C 2F                       <speed>1389</
V/HEX : 1720-173F: 73 70 65 65 64 3E 0D 0A  20 20 20 20 20 20 20 20  20 20 20 20 20 20 20 20  20 20 20 20 20 20 20 20    speed>..                        
V/HEX : 1740-175F: 20 20 20 20 3C 2F 52 65  67 75 6C 61 74 6F 72 79  53 70 65 65 64 4C 69 6D  69 74 3E 0D 0A 20 20 20        </RegulatorySpeedLimit>..   
V/HEX : 1760-177F: 20 20 20 20 20 20 20 20  20 20 20 20 20 20 20 20  20 20 20 20 20 3C 2F 73  70 65 65 64 4C 69 6D 69                         </speedLimi
V/HEX : 1780-179F: 74 73 3E 0D 0A 20 20 20  20 20 20 20 20 20 20 20  20 20 20 20 20 20 20 20  20 20 20 20 20 3C 6C 69    ts>..                        <li
V/HEX : 17A0-17BF: 6E 6B 57 69 64 74 68 3E  33 37 35 3C 2F 6C 69 6E  6B 57 69 64 74 68 3E 0D  0A 20 20 20 20 20 20 20    nkWidth>375</linkWidth>..       
V/HEX : 17C0-17DF: 20 20 20 20 20 20 20 20  20 20 20 20 20 20 20 20  20 3C 6C 61 6E 65 73 3E  0D 0A 20 20 20 20 20 20                     <lanes>..      
V/HEX : 17E0-17FF: 20 20 20 20 20 20 20 20  20 20 20 20 20 20 20 20  20 20 20 20 20 20 3C 4C  61 6E 65 3E 0D 0A 20 20                          <Lane>..  
V/HEX : 1800-181F: 20 20 20 20 20 20 20 20  20 20 20 20 20 20 20 20  20 20 20 20 20 20 20 20  20 20 20 20 20 20 3C 6C                                  <l
V/HEX : 1820-183F: 61 6E 65 49 44 3E 31 3C  2F 6C 61 6E 65 49 44 3E  0D 0A 20 20 20 20 20 20  20 20 20 20 20 20 20 20    aneID>1</laneID>..              
V/HEX : 1840-185F: 20 20 20 20 20 20 20 20  20 20 20 20 20 20 20 20  20 20 3C 6C 61 6E 65 57  69 64 74 68 3E 33 37 35                      <laneWidth>375
V/HEX : 1860-187F: 3C 2F 6C 61 6E 65 57 69  64 74 68 3E 0D 0A 20 20  20 20 20 20 20 20 20 20  20 20 20 20 20 20 20 20    </laneWidth>..                  
V/HEX : 1880-189F: 20 20 20 20 20 20 20 20  20 20 20 20 20 20 3C 6D  61 6E 65 75 76 65 72 73  3E 0D 0A 20 20 20 20 20                  <maneuvers>..     
V/HEX : 18A0-18BF: 20 20 20 20 20 20 20 20  20 20 20 20 20 20 20 20  20 20 20 20 20 20 20 20  20 20 20 20 20 20 20 31                                   1
V/HEX : 18C0-18DF: 30 30 30 30 30 30 30 30  30 30 30 0D 0A 20 20 20  20 20 20 20 20 20 20 20  20 20 20 20 20 20 20 20    00000000000..                   
V/HEX : 18E0-18FF: 20 20 20 20 20 20 20 20  20 20 20 20 20 3C 2F 6D  61 6E 65 75 76 65 72 73  3E 0D 0A 20 20 20 20 20                 </maneuvers>..     
V/HEX : 1900-191F: 20 20 20 20 20 20 20 20  20 20 20 20 20 20 20 20  20 20 20 20 20 20 20 20  20 20 20 3C 63 6F 6E 6E                               <conn
V/HEX : 1920-193F: 65 63 74 73 54 6F 3E 0D  0A 20 20 20 20 20 20 20  20 20 20 20 20 20 20 20  20 20 20 20 20 20 20 20    ectsTo>..                       
V/HEX : 1940-195F: 20 20 20 20 20 20 20 20  20 20 20 20 20 3C 43 6F  6E 6E 65 63 74 69 6F 6E  3E 0D 0A 20 20 20 20 20                 <Connection>..     
V/HEX : 1960-197F: 20 20 20 20 20 20 20 20  20 20 20 20 20 20 20 20  20 20 20 20 20 20 20 20  20 20 20 20 20 20 20 20                                    
V/HEX : 1980-199F: 20 20 20 3C 72 65 6D 6F  74 65 49 6E 74 65 72 73  65 63 74 69 6F 6E 3E 0D  0A 20 20 20 20 20 20 20       <remoteIntersection>..       
V/HEX : 19A0-19BF: 20 20 20 20 20 20 20 20  20 20 20 20 20 20 20 20  20 20 20 20 20 20 20 20  20 20 20 20 20 20 20 20                                    
V/HEX : 19C0-19DF: 20 20 20 20 20 3C 72 65  67 69 6F 6E 3E 31 3C 2F  72 65 67 69 6F 6E 3E 0D  0A 20 20 20 20 20 20 20         <region>1</region>..       
V/HEX : 19E0-19FF: 20 20 20 20 20 20 20 20  20 20 20 20 20 20 20 20  20 20 20 20 20 20 20 20  20 20 20 20 20 20 20 20                                    
V/HEX : 1A00-1A1F: 20 20 20 20 20 3C 69 64  3E 31 30 31 3C 2F 69 64  3E 0D 0A 20 20 20 20 20  20 20 20 20 20 20 20 20         <id>101</id>..             
V/HEX : 1A20-1A3F: 20 20 20 20 20 20 20 20  20 20 20 20 20 20 20 20  20 20 20 20 20 20 20 20  20 20 20 3C 2F 72 65 6D                               </rem
V/HEX : 1A40-1A5F: 6F 74 65 49 6E 74 65 72  73 65 63 74 69 6F 6E 3E  0D 0A 20 20 20 20 20 20  20 20 20 20 20 20 20 20    oteIntersection>..              
V/HEX : 1A60-1A7F: 20 20 20 20 20 20 20 20  20 20 20 20 20 20 20 20  20 20 20 20 20 20 20 20  20 20 3C 63 6F 6E 6E 65                              <conne
V/HEX : 1A80-1A9F: 63 74 69 6E 67 4C 61 6E  65 3E 0D 0A 20 20 20 20  20 20 20 20 20 20 20 20  20 20 20 20 20 20 20 20    ctingLane>..                    
V/HEX : 1AA0-1ABF: 20 20 20 20 20 20 20 20  20 20 20 20 20 20 20 20  20 20 20 20 20 20 20 20  3C 6C 61 6E 65 3E 31 3C                            <lane>1<
V/HEX : 1AC0-1ADF: 2F 6C 61 6E 65 3E 0D 0A  20 20 20 20 20 20 20 20  20 20 20 20 20 20 20 20  20 20 20 20 20 20 20 20    /lane>..                        
V/HEX : 1AE0-1AFF: 20 20 20 20 20 20 20 20  20 20 20 20 20 20 20 20  20 20 20 20 3C 6D 61 6E  65 75 76 65 72 3E 0D 0A                        <maneuver>..
V/HEX : 1B00-1B1F: 20 20 20 20 20 20 20 20  20 20 20 20 20 20 20 20  20 20 20 20 20 20 20 20  20 20 20 20 20 20 20 20                                    
V/HEX : 1B20-1B3F: 20 20 20 20 20 20 20 20  20 20 20 20 20 20 20 20  31 30 30 30 30 30 30 30  30 30 30 30 0D 0A 20 20                    100000000000..  
V/HEX : 1B40-1B5F: 20 20 20 20 20 20 20 20  20 20 20 20 20 20 20 20  20 20 20 20 20 20 20 20  20 20 20 20 20 20 20 20                                    
V/HEX : 1B60-1B7F: 20 20 20 20 20 20 20 20  20 20 3C 2F 6D 61 6E 65  75 76 65 72 3E 0D 0A 20  20 20 20 20 20 20 20 20              </maneuver>..         
V/HEX : 1B80-1B9F: 20 20 20 20 20 20 20 20  20 20 20 20 20 20 20 20  20 20 20 20 20 20 20 20  20 20 20 20 20 20 20 3C                                   <
V/HEX : 1BA0-1BBF: 2F 63 6F 6E 6E 65 63 74  69 6E 67 4C 61 6E 65 3E  0D 0A 20 20 20 20 20 20  20 20 20 20 20 20 20 20    /connectingLane>..              
V/HEX : 1BC0-1BDF: 20 20 20 20 20 20 20 20  20 20 20 20 20 20 20 20  20 20 20 20 20 20 3C 2F  43 6F 6E 6E 65 63 74 69                          </Connecti
V/HEX : 1BE0-1BFF: 6F 6E 3E 0D 0A 20 20 20  20 20 20 20 20 20 20 20  20 20 20 20 20 20 20 20  20 20 20 20 20 20 20 20    on>..                           
V/HEX : 1C00-1C1F: 20 20 20 20 20 3C 2F 63  6F 6E 6E 65 63 74 73 54  6F 3E 0D 0A 20 20 20 20  20 20 20 20 20 20 20 20         </connectsTo>..            
V/HEX : 1C20-1C3F: 20 20 20 20 20 20 20 20  20 20 20 20 20 20 20 20  20 20 20 20 3C 70 6F 69  6E 74 73 3E 0D 0A 20 20                        <points>..  
V/HEX : 1C40-1C5F: 20 20 20 20 20 20 20 20  20 20 20 20 20 20 20 20  20 20 20 20 20 20 20 20  20 20 20 20 20 20 20 20                                    
V/HEX : 1C60-1C7F: 20 20 3C 52 6F 61 64 50  6F 69 6E 74 3E 0D 0A 20  20 20 20 20 20 20 20 20  20 20 20 20 20 20 20 20      <RoadPoint>..                 
V/HEX : 1C80-1C9F: 20 20 20 20 20 20 20 20  20 20 20 20 20 20 20 20  20 20 20 20 20 20 20 3C  70 6F 73 4F 66 66 73 65                           <posOffse
V/HEX : 1CA0-1CBF: 74 3E 0D 0A 20 20 20 20  20 20 20 20 20 20 20 20  20 20 20 20 20 20 20 20  20 20 20 20 20 20 20 20    t>..                            
V/HEX : 1CC0-1CDF: 20 20 20 20 20 20 20 20  20 20 20 20 20 20 20 20  3C 6F 66 66 73 65 74 4C  4C 3E 0D 0A 20 20 20 20                    <offsetLL>..    
V/HEX : 1CE0-1CFF: 20 20 20 20 20 20 20 20  20 20 20 20 20 20 20 20  20 20 20 20 20 20 20 20  20 20 20 20 20 20 20 20                                    
V/HEX : 1D00-1D1F: 20 20 20 20 20 20 20 20  20 20 20 20 3C 70 6F 73  69 74 69 6F 6E 2D 4C 61  74 4C 6F 6E 3E 0D 0A 20                <position-LatLon>.. 
V/HEX : 1D20-1D3F: 20 20 20 20 20 20 20 20  20 20 20 20 20 20 20 20  20 20 20 20 20 20 20 20  20 20 20 20 20 20 20 20                                    
V/HEX : 1D40-1D5F: 20 20 20 20 20 20 20 20  20 20 20 20 20 20 20 20  20 20 20 3C 6C 6F 6E 3E  31 31 36 34 30 30 34 39                       <lon>11640049
V/HEX : 1D60-1D7F: 35 35 3C 2F 6C 6F 6E 3E  0D 0A 20 20 20 20 20 20  20 20 20 20 20 20 20 20  20 20 20 20 20 20 20 20    55</lon>..                      
V/HEX : 1D80-1D9F: 20 20 20 20 20 20 20 20  20 20 20 20 20 20 20 20  20 20 20 20 20 20 20 20  20 20 20 20 20 20 3C 6C                                  <l
V/HEX : 1DA0-1DBF: 61 74 3E 33 39 39 30 37  33 36 39 35 3C 2F 6C 61  74 3E 0D 0A 20 20 20 20  20 20 20 20 20 20 20 20    at>399073695</lat>..            
V/HEX : 1DC0-1DDF: 20 20 20 20 20 20 20 20  20 20 20 20 20 20 20 20  20 20 20 20 20 20 20 20  20 20 20 20 20 20 20 20                                    
V/HEX : 1DE0-1DFF: 20 20 20 20 3C 2F 70 6F  73 69 74 69 6F 6E 2D 4C  61 74 4C 6F 6E 3E 0D 0A  20 20 20 20 20 20 20 20        </position-LatLon>..        
V/HEX : 1E00-1E1F: 20 20 20 20 20 20 20 20  20 20 20 20 20 20 20 20  20 20 20 20 20 20 20 20  20 20 20 20 20 20 20 20                                    
V/HEX : 1E20-1E3F: 20 20 20 20 3C 2F 6F 66  66 73 65 74 4C 4C 3E 0D  0A 20 20 20 20 20 20 20  20 20 20 20 20 20 20 20        </offsetLL>..               
V/HEX : 1E40-1E5F: 20 20 20 20 20 20 20 20  20 20 20 20 20 20 20 20  20 20 20 20 20 20 20 20  20 20 20 20 20 3C 6F 66                                 <of
V/HEX : 1E60-1E7F: 66 73 65 74 56 3E 0D 0A  20 20 20 20 20 20 20 20  20 20 20 20 20 20 20 20  20 20 20 20 20 20 20 20    fsetV>..                        
V/HEX : 1E80-1E9F: 20 20 20 20 20 20 20 20  20 20 20 20 20 20 20 20  20 20 20 20 20 20 20 20  3C 65 6C 65 76 61 74 69                            <elevati
V/HEX : 1EA0-1EBF: 6F 6E 3E 30 3C 2F 65 6C  65 76 61 74 69 6F 6E 3E  0D 0A 20 20 20 20 20 20  20 20 20 20 20 20 20 20    on>0</elevation>..              
V/HEX : 1EC0-1EDF: 20 20 20 20 20 20 20 20  20 20 20 20 20 20 20 20  20 20 20 20 20 20 20 20  20 20 20 20 20 20 3C 2F                                  </
V/HEX : 1EE0-1EFF: 6F 66 66 73 65 74 56 3E  0D 0A 20 20 20 20 20 20  20 20 20 20 20 20 20 20  20 20 20 20 20 20 20 20    offsetV>..                      
V/HEX : 1F00-1F1F: 20 20 20 20 20 20 20 20  20 20 20 20 20 20 20 20  20 20 3C 2F 70 6F 73 4F  66 66 73 65 74 3E 0D 0A                      </posOffset>..
V/HEX : 1F20-1F3F: 20 20 20 20 20 20 20 20  20 20 20 20 20 20 20 20  20 20 20 20 20 20 20 20  20 20 20 20 20 20 20 20                                    
V/HEX : 1F40-1F5F: 20 20 20 20 3C 2F 52 6F  61 64 50 6F 69 6E 74 3E  0D 0A 20 20 20 20 20 20  20 20 20 20 20 20 20 20        </RoadPoint>..              
V/HEX : 1F60-1F7F: 20 20 20 20 20 20 20 20  20 20 20 20 20 20 20 20  20 20 20 20 20 20 3C 52  6F 61 64 50 6F 69 6E 74                          <RoadPoint
V/HEX : 1F80-1F9F: 3E 0D 0A 20 20 20 20 20  20 20 20 20 20 20 20 20  20 20 20 20 20 20 20 20  20 20 20 20 20 20 20 20    >..                             
V/HEX : 1FA0-1FBF: 20 20 20 20 20 20 20 20  20 20 20 3C 70 6F 73 4F  66 66 73 65 74 3E 0D 0A  20 20 20 20 20 20 20 20               <posOffset>..        
V/HEX : 1FC0-1FDF: 20 20 20 20 20 20 20 20  20 20 20 20 20 20 20 20  20 20 20 20 20 20 20 20  20 20 20 20 20 20 20 20                                    
V/HEX : 1FE0-1FFF: 20 20 20 20 3C 6F 66 66  73 65 74 4C 4C 3E 0D 0A  20 20 20 20 20 20 20 20  20 20 20 20 20 20 20 20        <offsetLL>..                
V/HEX : 2000-201F: 20 20 20 20 20 20 20 20  20 20 20 20 20 20 20 20  20 20 20 20 20 20 20 20  20 20 20 20 20 20 20 20                                    
V/HEX : 2020-203F: 3C 70 6F 73 69 74 69 6F  6E 2D 4C 61 74 4C 6F 6E  3E 0D 0A 20 20 20 20 20  20 20 20 20 20 20 20 20    <position-LatLon>..             
V/HEX : 2040-205F: 20 20 20 20 20 20 20 20  20 20 20 20 20 20 20 20  20 20 20 20 20 20 20 20  20 20 20 20 20 20 20 20                                    
V/HEX : 2060-207F: 20 20 20 20 20 20 20 3C  6C 6F 6E 3E 31 31 36 34  30 30 34 39 35 34 3C 2F  6C 6F 6E 3E 0D 0A 20 20           <lon>1164004954</lon>..  
V/HEX : 2080-209F: 20 20 20 20 20 20 20 20  20 20 20 20 20 20 20 20  20 20 20 20 20 20 20 20  20 20 20 20 20 20 20 20                                    
V/HEX : 20A0-20BF: 20 20 20 20 20 20 20 20  20 20 20 20 20 20 20 20  20 20 3C 6C 61 74 3E 33  39 39 30 37 30 36 32 37                      <lat>399070627
V/HEX : 20C0-20DF: 3C 2F 6C 61 74 3E 0D 0A  20 20 20 20 20 20 20 20  20 20 20 20 20 20 20 20  20 20 20 20 20 20 20 20    </lat>..                        
V/HEX : 20E0-20FF: 20 20 20 20 20 20 20 20  20 20 20 20 20 20 20 20  20 20 20 20 20 20 20 20  3C 2F 70 6F 73 69 74 69                            </positi
V/HEX : 2100-211F: 6F 6E 2D 4C 61 74 4C 6F  6E 3E 0D 0A 20 20 20 20  20 20 20 20 20 20 20 20  20 20 20 20 20 20 20 20    on-LatLon>..                    
V/HEX : 2120-213F: 20 20 20 20 20 20 20 20  20 20 20 20 20 20 20 20  20 20 20 20 20 20 20 20  3C 2F 6F 66 66 73 65 74                            </offset
V/HEX : 2140-215F: 4C 4C 3E 0D 0A 20 20 20  20 20 20 20 20 20 20 20  20 20 20 20 20 20 20 20  20 20 20 20 20 20 20 20    LL>..                           
V/HEX : 2160-217F: 20 20 20 20 20 20 20 20  20 20 20 20 20 20 20 20  20 3C 6F 66 66 73 65 74  56 3E 0D 0A 20 20 20 20                     <offsetV>..    
V/HEX : 2180-219F: 20 20 20 20 20 20 20 20  20 20 20 20 20 20 20 20  20 20 20 20 20 20 20 20  20 20 20 20 20 20 20 20                                    
V/HEX : 21A0-21BF: 20 20 20 20 20 20 20 20  20 20 20 20 3C 65 6C 65  76 61 74 69 6F 6E 3E 30  3C 2F 65 6C 65 76 61 74                <elevation>0</elevat
V/HEX : 21C0-21DF: 69 6F 6E 3E 0D 0A 20 20  20 20 20 20 20 20 20 20  20 20 20 20 20 20 20 20  20 20 20 20 20 20 20 20    ion>..                          
V/HEX : 21E0-21FF: 20 20 20 20 20 20 20 20  20 20 20 20 20 20 20 20  20 20 3C 2F 6F 66 66 73  65 74 56 3E 0D 0A 20 20                      </offsetV>..  
V/HEX : 2200-221F: 20 20 20 20 20 20 20 20  20 20 20 20 20 20 20 20  20 20 20 20 20 20 20 20  20 20 20 20 20 20 20 20                                    
V/HEX : 2220-223F: 20 20 20 20 20 20 3C 2F  70 6F 73 4F 66 66 73 65  74 3E 0D 0A 20 20 20 20  20 20 20 20 20 20 20 20          </posOffset>..            
V/HEX : 2240-225F: 20 20 20 20 20 20 20 20  20 20 20 20 20 20 20 20  20 20 20 20 20 20 20 20  3C 2F 52 6F 61 64 50 6F                            </RoadPo
V/HEX : 2260-227F: 69 6E 74 3E 0D 0A 20 20  20 20 20 20 20 20 20 20  20 20 20 20 20 20 20 20  20 20 20 20 20 20 20 20    int>..                          
V/HEX : 2280-229F: 20 20 20 20 20 20 20 20  20 20 3C 52 6F 61 64 50  6F 69 6E 74 3E 0D 0A 20  20 20 20 20 20 20 20 20              <RoadPoint>..         
V/HEX : 22A0-22BF: 20 20 20 20 20 20 20 20  20 20 20 20 20 20 20 20  20 20 20 20 20 20 20 20  20 20 20 20 20 20 20 3C                                   <
V/HEX : 22C0-22DF: 70 6F 73 4F 66 66 73 65  74 3E 0D 0A 20 20 20 20  20 20 20 20 20 20 20 20  20 20 20 20 20 20 20 20    posOffset>..                    
V/HEX : 22E0-22FF: 20 20 20 20 20 20 20 20  20 20 20 20 20 20 20 20  20 20 20 20 20 20 20 20  3C 6F 66 66 73 65 74 4C                            <offsetL
V/HEX : 2300-231F: 4C 3E 0D 0A 20 20 20 20  20 20 20 20 20 20 20 20  20 20 20 20 20 20 20 20  20 20 20 20 20 20 20 20    L>..                            
V/HEX : 2320-233F: 20 20 20 20 20 20 20 20  20 20 20 20 20 20 20 20  20 20 20 20 3C 70 6F 73  69 74 69 6F 6E 2D 4C 61                        <position-La
V/HEX : 2340-235F: 74 4C 6F 6E 3E 0D 0A 20  20 20 20 20 20 20 20 20  20 20 20 20 20 20 20 20  20 20 20 20 20 20 20 20    tLon>..                         
V/HEX : 2360-237F: 20 20 20 20 20 20 20 20  20 20 20 20 20 20 20 20  20 20 20 20 20 20 20 20  20 20 20 3C 6C 6F 6E 3E                               <lon>
V/HEX : 2380-239F: 31 31 36 34 30 30 34 39  35 34 3C 2F 6C 6F 6E 3E  0D 0A 20 20 20 20 20 20  20 20 20 20 20 20 20 20    1164004954</lon>..              
V/HEX : 23A0-23BF: 20 20 20 20 20 20 20 20  20 20 20 20 20 20 20 20  20 20 20 20 20 20 20 20  20 20 20 20 20 20 20 20                                    
V/HEX : 23C0-23DF: 20 20 20 20 20 20 3C 6C  61 74 3E 33 39 39 30 36  36 30 39 34 3C 2F 6C 61  74 3E 0D 0A 20 20 20 20          <lat>399066094</lat>..    
V/HEX : 23E0-23FF: 20 20 20 20 20 20 20 20  20 20 20 20 20 20 20 20  20 20 20 20 20 20 20 20  20 20 20 20 20 20 20 20                                    
V/HEX : 2400-241F: 20 20 20 20 20 20 20 20  20 20 20 20 3C 2F 70 6F  73 69 74 69 6F 6E 2D 4C  61 74 4C 6F 6E 3E 0D 0A                </position-LatLon>..
V/HEX : 2420-243F: 20 20 20 20 20 20 20 20  20 20 20 20 20 20 20 20  20 20 20 20 20 20 20 20  20 20 20 20 20 20 20 20                                    
V/HEX : 2440-245F: 20 20 20 20 20 20 20 20  20 20 20 20 3C 2F 6F 66  66 73 65 74 4C 4C 3E 0D  0A 20 20 20 20 20 20 20                </offsetLL>..       
V/HEX : 2460-247F: 20 20 20 20 20 20 20 20  20 20 20 20 20 20 20 20  20 20 20 20 20 20 20 20  20 20 20 20 20 20 20 20                                    
V/HEX : 2480-249F: 20 20 20 20 20 3C 6F 66  66 73 65 74 56 3E 0D 0A  20 20 20 20 20 20 20 20  20 20 20 20 20 20 20 20         <offsetV>..                
V/HEX : 24A0-24BF: 20 20 20 20 20 20 20 20  20 20 20 20 20 20 20 20  20 20 20 20 20 20 20 20  20 20 20 20 20 20 20 20                                    
V/HEX : 24C0-24DF: 3C 65 6C 65 76 61 74 69  6F 6E 3E 30 3C 2F 65 6C  65 76 61 74 69 6F 6E 3E  0D 0A 20 20 20 20 20 20    <elevation>0</elevation>..      
V/HEX : 24E0-24FF: 20 20 20 20 20 20 20 20  20 20 20 20 20 20 20 20  20 20 20 20 20 20 20 20  20 20 20 20 20 20 20 20                                    
V/HEX : 2500-251F: 20 20 20 20 20 20 3C 2F  6F 66 66 73 65 74 56 3E  0D 0A 20 20 20 20 20 20  20 20 20 20 20 20 20 20          </offsetV>..              
V/HEX : 2520-253F: 20 20 20 20 20 20 20 20  20 20 20 20 20 20 20 20  20 20 20 20 20 20 20 20  20 20 3C 2F 70 6F 73 4F                              </posO
V/HEX : 2540-255F: 66 66 73 65 74 3E 0D 0A  20 20 20 20 20 20 20 20  20 20 20 20 20 20 20 20  20 20 20 20 20 20 20 20    ffset>..                        
V/HEX : 2560-257F: 20 20 20 20 20 20 20 20  20 20 20 20 3C 2F 52 6F  61 64 50 6F 69 6E 74 3E  0D 0A 20 20 20 20 20 20                </RoadPoint>..      
V/HEX : 2580-259F: 20 20 20 20 20 20 20 20  20 20 20 20 20 20 20 20  20 20 20 20 20 20 20 20  20 20 3C 2F 70 6F 69 6E                              </poin
V/HEX : 25A0-25BF: 74 73 3E 0D 0A 20 20 20  20 20 20 20 20 20 20 20  20 20 20 20 20 20 20 20  20 20 20 20 20 20 20 20    ts>..                           
V/HEX : 25C0-25DF: 20 3C 2F 4C 61 6E 65 3E  0D 0A 20 20 20 20 20 20  20 20 20 20 20 20 20 20  20 20 20 20 20 20 20 20     </Lane>..                      
V/HEX : 25E0-25FF: 20 20 3C 2F 6C 61 6E 65  73 3E 0D 0A 20 20 20 20  20 20 20 20 20 20 20 20  20 20 20 20 20 20 20 20      </lanes>..                    
V/HEX : 2600-261F: 3C 2F 4C 69 6E 6B 3E 0D  0A 20 20 20 20 20 20 20  20 20 20 20 20 20 20 20  20 20 20 20 20 3C 4C 69    </Link>..                    <Li
V/HEX : 2620-263F: 6E 6B 3E 0D 0A 20 20 20  20 20 20 20 20 20 20 20  20 20 20 20 20 20 20 20  20 20 20 20 20 3C 6E 61    nk>..                        <na
V/HEX : 2640-265F: 6D 65 3E 77 65 73 74 3C  2F 6E 61 6D 65 3E 0D 0A  20 20 20 20 20 20 20 20  20 20 20 20 20 20 20 20    me>west</name>..                
V/HEX : 2660-267F: 20 20 20 20 20 20 20 20  3C 75 70 73 74 72 65 61  6D 4E 6F 64 65 49 64 3E  0D 0A 20 20 20 20 20 20            <upstreamNodeId>..      
V/HEX : 2680-269F: 20 20 20 20 20 20 20 20  20 20 20 20 20 20 20 20  20 20 20 20 20 20 3C 72  65 67 69 6F 6E 3E 31 3C                          <region>1<
V/HEX : 26A0-26BF: 2F 72 65 67 69 6F 6E 3E  0D 0A 20 20 20 20 20 20  20 20 20 20 20 20 20 20  20 20 20 20 20 20 20 20    /region>..                      
V/HEX : 26C0-26DF: 20 20 20 20 20 20 3C 69  64 3E 31 30 33 3C 2F 69  64 3E 0D 0A 20 20 20 20  20 20 20 20 20 20 20 20          <id>103</id>..            
V/HEX : 26E0-26FF: 20 20 20 20 20 20 20 20  20 20 20 20 3C 2F 75 70  73 74 72 65 61 6D 4E 6F  64 65 49 64 3E 0D 0A 20                </upstreamNodeId>.. 
V/HEX : 2700-271F: 20 20 20 20 20 20 20 20  20 20 20 20 20 20 20 20  20 20 20 20 20 20 20 3C  73 70 65 65 64 4C 69 6D                           <speedLim
V/HEX : 2720-273F: 69 74 73 3E 0D 0A 20 20  20 20 20 20 20 20 20 20  20 20 20 20 20 20 20 20  20 20 20 20 20 20 20 20    its>..                          
V/HEX : 2740-275F: 20 20 3C 52 65 67 75 6C  61 74 6F 72 79 53 70 65  65 64 4C 69 6D 69 74 3E  0D 0A 20 20 20 20 20 20      <RegulatorySpeedLimit>..      
V/HEX : 2760-277F: 20 20 20 20 20 20 20 20  20 20 20 20 20 20 20 20  20 20 20 20 20 20 20 20  20 20 3C 74 79 70 65 3E                              <type>
V/HEX : 2780-279F: 3C 76 65 68 69 63 6C 65  4D 61 78 53 70 65 65 64  2F 3E 3C 2F 74 79 70 65  3E 0D 0A 20 20 20 20 20    <vehicleMaxSpeed/></type>..     
V/HEX : 27A0-27BF: 20 20 20 20 20 20 20 20  20 20 20 20 20 20 20 20  20 20 20 20 20 20 20 20  20 20 20 3C 73 70 65 65                               <spee
V/HEX : 27C0-27DF: 64 3E 31 33 38 39 3C 2F  73 70 65 65 64 3E 0D 0A  20 20 20 20 20 20 20 20  20 20 20 20 20 20 20 20    d>1389</speed>..                
V/HEX : 27E0-27FF: 20 20 20 20 20 20 20 20  20 20 20 20 3C 2F 52 65  67 75 6C 61 74 6F 72 79  53 70 65 65 64 4C 69 6D                </RegulatorySpeedLim
V/HEX : 2800-281F: 69 74 3E 0D 0A 20 20 20  20 20 20 20 20 20 20 20  20 20 20 20 20 20 20 20  20 20 20 20 20 3C 2F 73    it>..                        </s
V/HEX : 2820-283F: 70 65 65 64 4C 69 6D 69  74 73 3E 0D 0A 20 20 20  20 20 20 20 20 20 20 20  20 20 20 20 20 20 20 20    peedLimits>..                   
V/HEX : 2840-285F: 20 20 20 20 20 3C 6C 69  6E 6B 57 69 64 74 68 3E  33 37 35 3C 2F 6C 69 6E  6B 57 69 64 74 68 3E 0D         <linkWidth>375</linkWidth>.
V/HEX : 2860-287F: 0A 20 20 20 20 20 20 20  20 20 20 20 20 20 20 20  20 20 20 20 20 20 20 20  20 3C 6C 61 6E 65 73 3E    .                        <lanes>
V/HEX : 2880-289F: 0D 0A 20 20 20 20 20 20  20 20 20 20 20 20 20 20  20 20 20 20 20 20 20 20  20 20 20 20 20 20 3C 4C    ..                            <L
V/HEX : 28A0-28BF: 61 6E 65 3E 0D 0A 20 20  20 20 20 20 20 20 20 20  20 20 20 20 20 20 20 20  20 20 20 20 20 20 20 20    ane>..                          
V/HEX : 28C0-28DF: 20 20 20 20 20 20 3C 6C  61 6E 65 49 44 3E 31 3C  2F 6C 61 6E 65 49 44 3E  0D 0A 20 20 20 20 20 20          <laneID>1</laneID>..      
V/HEX : 28E0-28FF: 20 20 20 20 20 20 20 20  20 20 20 20 20 20 20 20  20 20 20 20 20 20 20 20  20 20 3C 6C 61 6E 65 57                              <laneW
V/HEX : 2900-291F: 69 64 74 68 3E 33 37 35  3C 2F 6C 61 6E 65 57 69  64 74 68 3E 0D 0A 20 20  20 20 20 20 20 20 20 20    idth>375</laneWidth>..          
V/HEX : 2920-293F: 20 20 20 20 20 20 20 20  20 20 20 20 20 20 20 20  20 20 20 20 20 20 3C 6D  61 6E 65 75 76 65 72 73                          <maneuvers
V/HEX : 2940-295F: 3E 0D 0A 20 20 20 20 20  20 20 20 20 20 20 20 20  20 20 20 20 20 20 20 20  20 20 20 20 20 20 20 20    >..                             
V/HEX : 2960-297F: 20 20 20 20 20 20 20 31  30 30 30 30 30 30 30 30  30 30 30 0D 0A 20 20 20  20 20 20 20 20 20 20 20           100000000000..           
V/HEX : 2980-299F: 20 20 20 20 20 20 20 20  20 20 20 20 20 20 20 20  20 20 20 20 20 3C 2F 6D  61 6E 65 75 76 65 72 73                         </maneuvers
V/HEX : 29A0-29BF: 3E 0D 0A 20 20 20 20 20  20 20 20 20 20 20 20 20  20 20 20 20 20 20 20 20  20 20 20 20 20 20 20 20    >..                             
V/HEX : 29C0-29DF: 20 20 20 3C 63 6F 6E 6E  65 63 74 73 54 6F 3E 0D  0A 20 20 20 20 20 20 20  20 20 20 20 20 20 20 20       <connectsTo>..               
V/HEX : 29E0-29FF: 20 20 20 20 20 20 20 20  20 20 20 20 20 20 20 20  20 20 20 20 20 3C 43 6F  6E 6E 65 63 74 69 6F 6E                         <Connection
V/HEX : 2A00-2A1F: 3E 0D 0A 20 20 20 20 20  20 20 20 20 20 20 20 20  20 20 20 20 20 20 20 20  20 20 20 20 20 20 20 20    >..                             
V/HEX : 2A20-2A3F: 20 20 20 20 20 20 20 20  20 20 20 3C 72 65 6D 6F  74 65 49 6E 74 65 72 73  65 63 74 69 6F 6E 3E 0D               <remoteIntersection>.
V/HEX : 2A40-2A5F: 0A 20 20 20 20 20 20 20  20 20 20 20 20 20 20 20  20 20 20 20 20 20 20 20  20 20 20 20 20 20 20 20    .                               
V/HEX : 2A60-2A7F: 20 20 20 20 20 20 20 20  20 20 20 20 20 3C 72 65  67 69 6F 6E 3E 31 3C 2F  72 65 67 69 6F 6E 3E 0D                 <region>1</region>.
V/HEX : 2A80-2A9F: 0A 20 20 20 20 20 20 20  20 20 20 20 20 20 20 20  20 20 20 20 20 20 20 20  20 20 20 20 20 20 20 20    .                               
V/HEX : 2AA0-2ABF: 20 20 20 20 20 20 20 20  20 20 20 20 20 3C 69 64  3E 31 30 34 3C 2F 69 64  3E 0D 0A 20 20 20 20 20                 <id>104</id>..     
V/HEX : 2AC0-2ADF: 20 20 20 20 20 20 20 20  20 20 20 20 20 20 20 20  20 20 20 20 20 20 20 20  20 20 20 20 20 20 20 20                                    
V/HEX : 2AE0-2AFF: 20 20 20 3C 2F 72 65 6D  6F 74 65 49 6E 74 65 72  73 65 63 74 69 6F 6E 3E  0D 0A 20 20 20 20 20 20       </remoteIntersection>..      
V/HEX : 2B00-2B1F: 20 20 20 20 20 20 20 20  20 20 20 20 20 20 20 20  20 20 20 20 20 20 20 20  20 20 20 20 20 20 20 20                                    
V/HEX : 2B20-2B3F: 20 20 3C 63 6F 6E 6E 65  63 74 69 6E 67 4C 61 6E  65 3E 0D 0A 20 20 20 20  20 20 20 20 20 20 20 20      <connectingLane>..            
V/HEX : 2B40-2B5F: 20 20 20 20 20 20 20 20  20 20 20 20 20 20 20 20  20 20 20 20 20 20 20 20  20 20 20 20 20 20 20 20                                    
V/HEX : 2B60-2B7F: 3C 6C 61 6E 65 3E 31 3C  2F 6C 61 6E 65 3E 0D 0A  20 20 20 20 20 20 20 20  20 20 20 20 20 20 20 20    <lane>1</lane>..                
V/HEX : 2B80-2B9F: 20 20 20 20 20 20 20 20  20 20 20 20 20 20 20 20  20 20 20 20 20 20 20 20  20 20 20 20 3C 6D 61 6E                                <man
V/HEX : 2BA0-2BBF: 65 75 76 65 72 3E 0D 0A  20 20 20 20 20 20 20 20  20 20 20 20 20 20 20 20  20 20 20 20 20 20 20 20    euver>..                        
V/HEX : 2BC0-2BDF: 20 20 20 20 20 20 20 20  20 20 20 20 20 20 20 20  20 20 20 20 20 20 20 20  31 30 30 30 30 30 30 30                            10000000
V/HEX : 2BE0-2BFF: 30 30 30 30 0D 0A 20 20  20 20 20 20 20 20 20 20  20 20 20 20 20 20 20 20  20 20 20 20 20 20 20 20    0000..                          
V/HEX : 2C00-2C1F: 20 20 20 20 20 20 20 20  20 20 20 20 20 20 20 20  20 20 3C 2F 6D 61 6E 65  75 76 65 72 3E 0D 0A 20                      </maneuver>.. 
V/HEX : 2C20-2C3F: 20 20 20 20 20 20 20 20  20 20 20 20 20 20 20 20  20 20 20 20 20 20 20 20  20 20 20 20 20 20 20 20                                    
V/HEX : 2C40-2C5F: 20 20 20 20 20 20 20 3C  2F 63 6F 6E 6E 65 63 74  69 6E 67 4C 61 6E 65 3E  0D 0A 20 20 20 20 20 20           </connectingLane>..      
V/HEX : 2C60-2C7F: 20 20 20 20 20 20 20 20  20 20 20 20 20 20 20 20  20 20 20 20 20 20 20 20  20 20 20 20 20 20 3C 2F                                  </
V/HEX : 2C80-2C9F: 43 6F 6E 6E 65 63 74 69  6F 6E 3E 0D 0A 20 20 20  20 20 20 20 20 20 20 20  20 20 20 20 20 20 20 20    Connection>..                   
V/HEX : 2CA0-2CBF: 20 20 20 20 20 20 20 20  20 20 20 20 20 3C 2F 63  6F 6E 6E 65 63 74 73 54  6F 3E 0D 0A 20 20 20 20                 </connectsTo>..    
V/HEX : 2CC0-2CDF: 20 20 20 20 20 20 20 20  20 20 20 20 20 20 20 20  20 20 20 20 20 20 20 20  20 20 20 20 3C 70 6F 69                                <poi
V/HEX : 2CE0-2CFF: 6E 74 73 3E 0D 0A 20 20  20 20 20 20 20 20 20 20  20 20 20 20 20 20 20 20  20 20 20 20 20 20 20 20    nts>..                          
V/HEX : 2D00-2D1F: 20 20 20 20 20 20 20 20  20 20 3C 52 6F 61 64 50  6F 69 6E 74 3E 0D 0A 20  20 20 20 20 20 20 20 20              <RoadPoint>..         
V/HEX : 2D20-2D3F: 20 20 20 20 20 20 20 20  20 20 20 20 20 20 20 20  20 20 20 20 20 20 20 20  20 20 20 20 20 20 20 3C                                   <
V/HEX : 2D40-2D5F: 70 6F 73 4F 66 66 73 65  74 3E 0D 0A 20 20 20 20  20 20 20 20 20 20 20 20  20 20 20 20 20 20 20 20    posOffset>..                    
V/HEX : 2D60-2D7F: 20 20 20 20 20 20 20 20  20 20 20 20 20 20 20 20  20 20 20 20 20 20 20 20  3C 6F 66 66 73 65 74 4C                            <offsetL
V/HEX : 2D80-2D9F: 4C 3E 0D 0A 20 20 20 20  20 20 20 20 20 20 20 20  20 20 20 20 20 20 20 20  20 20 20 20 20 20 20 20    L>..                            
V/HEX : 2DA0-2DBF: 20 20 20 20 20 20 20 20  20 20 20 20 20 20 20 20  20 20 20 20 3C 70 6F 73  69 74 69 6F 6E 2D 4C 61                        <position-La
V/HEX : 2DC0-2DDF: 74 4C 6F 6E 3E 0D 0A 20  20 20 20 20 20 20 20 20  20 20 20 20 20 20 20 20  20 20 20 20 20 20 20 20    tLon>..                         
V/HEX : 2DE0-2DFF: 20 20 20 20 20 20 20 20  20 20 20 20 20 20 20 20  20 20 20 20 20 20 20 20  20 20 20 3C 6C 6F 6E 3E                               <lon>
V/HEX : 2E00-2E1F: 31 31 36 33 39 39 36 34  38 36 3C 2F 6C 6F 6E 3E  0D 0A 20 20 20 20 20 20  20 20 20 20 20 20 20 20    1163996486</lon>..              
V/HEX : 2E20-2E3F: 20 20 20 20 20 20 20 20  20 20 20 20 20 20 20 20  20 20 20 20 20 20 20 20  20 20 20 20 20 20 20 20                                    
V/HEX : 2E40-2E5F: 20 20 20 20 20 20 3C 6C  61 74 3E 33 39 39 30 36  35 34 33 30 3C 2F 6C 61  74 3E 0D 0A 20 20 20 20          <lat>399065430</lat>..    
V/HEX : 2E60-2E7F: 20 20 20 20 20 20 20 20  20 20 20 20 20 20 20 20  20 20 20 20 20 20 20 20  20 20 20 20 20 20 20 20                                    
V/HEX : 2E80-2E9F: 20 20 20 20 20 20 20 20  20 20 20 20 3C 2F 70 6F  73 69 74 69 6F 6E 2D 4C  61 74 4C 6F 6E 3E 0D 0A                </position-LatLon>..
V/HEX : 2EA0-2EBF: 20 20 20 20 20 20 20 20  20 20 20 20 20 20 20 20  20 20 20 20 20 20 20 20  20 20 20 20 20 20 20 20                                    
V/HEX : 2EC0-2EDF: 20 20 20 20 20 20 20 20  20 20 20 20 3C 2F 6F 66  66 73 65 74 4C 4C 3E 0D  0A 20 20 20 20 20 20 20                </offsetLL>..       
V/HEX : 2EE0-2EFF: 20 20 20 20 20 20 20 20  20 20 20 20 20 20 20 20  20 20 20 20 20 20 20 20  20 20 20 20 20 20 20 20                                    
V/HEX : 2F00-2F1F: 20 20 20 20 20 3C 6F 66  66 73 65 74 56 3E 0D 0A  20 20 20 20 20 20 20 20  20 20 20 20 20 20 20 20         <offsetV>..                
V/HEX : 2F20-2F3F: 20 20 20 20 20 20 20 20  20 20 20 20 20 20 20 20  20 20 20 20 20 20 20 20  20 20 20 20 20 20 20 20                                    
V/HEX : 2F40-2F5F: 3C 65 6C 65 76 61 74 69  6F 6E 3E 30 3C 2F 65 6C  65 76 61 74 69 6F 6E 3E  0D 0A 20 20 20 20 20 20    <elevation>0</elevation>..      
V/HEX : 2F60-2F7F: 20 20 20 20 20 20 20 20  20 20 20 20 20 20 20 20  20 20 20 20 20 20 20 20  20 20 20 20 20 20 20 20                                    
V/HEX : 2F80-2F9F: 20 20 20 20 20 20 3C 2F  6F 66 66 73 65 74 56 3E  0D 0A 20 20 20 20 20 20  20 20 20 20 20 20 20 20          </offsetV>..              
V/HEX : 2FA0-2FBF: 20 20 20 20 20 20 20 20  20 20 20 20 20 20 20 20  20 20 20 20 20 20 20 20  20 20 3C 2F 70 6F 73 4F                              </posO
V/HEX : 2FC0-2FDF: 66 66 73 65 74 3E 0D 0A  20 20 20 20 20 20 20 20  20 20 20 20 20 20 20 20  20 20 20 20 20 20 20 20    ffset>..                        
V/HEX : 2FE0-2FFF: 20 20 20 20 20 20 20 20  20 20 20 20 3C 2F 52 6F  61 64 50 6F 69 6E 74 3E  0D 0A 20 20 20 20 20 20                </RoadPoint>..      
V/HEX : 3000-301F: 20 20 20 20 20 20 20 20  20 20 20 20 20 20 20 20  20 20 20 20 20 20 20 20  20 20 20 20 20 20 3C 52                                  <R
V/HEX : 3020-303F: 6F 61 64 50 6F 69 6E 74  3E 0D 0A 20 20 20 20 20  20 20 20 20 20 20 20 20  20 20 20 20 20 20 20 20    oadPoint>..                     
V/HEX : 3040-305F: 20 20 20 20 20 20 20 20  20 20 20 20 20 20 20 20  20 20 20 3C 70 6F 73 4F  66 66 73 65 74 3E 0D 0A                       <posOffset>..
V/HEX : 3060-307F: 20 20 20 20 20 20 20 20  20 20 20 20 20 20 20 20  20 20 20 20 20 20 20 20  20 20 20 20 20 20 20 20                                    
V/HEX : 3080-309F: 20 20 20 20 20 20 20 20  20 20 20 20 3C 6F 66 66  73 65 74 4C 4C 3E 0D 0A  20 20 20 20 20 20 20 20                <offsetLL>..        
V/HEX : 30A0-30BF: 20 20 20 20 20 20 20 20  20 20 20 20 20 20 20 20  20 20 20 20 20 20 20 20  20 20 20 20 20 20 20 20                                    
V/HEX : 30C0-30DF: 20 20 20 20 20 20 20 20  3C 70 6F 73 69 74 69 6F  6E 2D 4C 61 74 4C 6F 6E  3E 0D 0A 20 20 20 20 20            <position-LatLon>..     
V/HEX : 30E0-30FF: 20 20 20 20 20 20 20 20  20 20 20 20 20 20 20 20  20 20 20 20 20 20 20 20  20 20 20 20 20 20 20 20                                    
V/HEX : 3100-311F: 20 20 20 20 20 20 20 20  20 20 20 20 20 20 20 3C  6C 6F 6E 3E 31 31 36 34  30 30 30 39 39 36 3C 2F                   <lon>1164000996</
V/HEX : 3120-313F: 6C 6F 6E 3E 0D 0A 20 20  20 20 20 20 20 20 20 20  20 20 20 20 20 20 20 20  20 20 20 20 20 20 20 20    lon>..                          
V/HEX : 3140-315F: 20 20 20 20 20 20 20 20  20 20 20 20 20 20 20 20  20 20 20 20 20 20 20 20  20 20 3C 6C 61 74 3E 33                              <lat>3
V/HEX : 3160-317F: 39 39 30 36 35 34 33 30  3C 2F 6C 61 74 3E 0D 0A  20 20 20 20 20 20 20 20  20 20 20 20 20 20 20 20    99065430</lat>..                
V/HEX : 3180-319F: 20 20 20 20 20 20 20 20  20 20 20 20 20 20 20 20  20 20 20 20 20 20 20 20  20 20 20 20 20 20 20 20                                    
V/HEX : 31A0-31BF: 3C 2F 70 6F 73 69 74 69  6F 6E 2D 4C 61 74 4C 6F  6E 3E 0D 0A 20 20 20 20  20 20 20 20 20 20 20 20    </position-LatLon>..            
V/HEX : 31C0-31DF: 20 20 20 20 20 20 20 20  20 20 20 20 20 20 20 20  20 20 20 20 20 20 20 20  20 20 20 20 20 20 20 20                                    
V/HEX : 31E0-31FF: 3C 2F 6F 66 66 73 65 74  4C 4C 3E 0D 0A 20 20 20  20 20 20 20 20 20 20 20  20 20 20 20 20 20 20 20    </offsetLL>..                   
V/HEX : 3200-321F: 20 20 20 20 20 20 20 20  20 20 20 20 20 20 20 20  20 20 20 20 20 20 20 20  20 3C 6F 66 66 73 65 74                             <offset
V/HEX : 3220-323F: 56 3E 0D 0A 20 20 20 20  20 20 20 20 20 20 20 20  20 20 20 20 20 20 20 20  20 20 20 20 20 20 20 20    V>..                            
V/HEX : 3240-325F: 20 20 20 20 20 20 20 20  20 20 20 20 20 20 20 20  20 20 20 20 3C 65 6C 65  76 61 74 69 6F 6E 3E 30                        <elevation>0
V/HEX : 3260-327F: 3C 2F 65 6C 65 76 61 74  69 6F 6E 3E 0D 0A 20 20  20 20 20 20 20 20 20 20  20 20 20 20 20 20 20 20    </elevation>..                  
V/HEX : 3280-329F: 20 20 20 20 20 20 20 20  20 20 20 20 20 20 20 20  20 20 20 20 20 20 20 20  20 20 3C 2F 6F 66 66 73                              </offs
V/HEX : 32A0-32BF: 65 74 56 3E 0D 0A 20 20  20 20 20 20 20 20 20 20  20 20 20 20 20 20 20 20  20 20 20 20 20 20 20 20    etV>..                          
V/HEX : 32C0-32DF: 20 20 20 20 20 20 20 20  20 20 20 20 20 20 3C 2F  70 6F 73 4F 66 66 73 65  74 3E 0D 0A 20 20 20 20                  </posOffset>..    
V/HEX : 32E0-32FF: 20 20 20 20 20 20 20 20  20 20 20 20 20 20 20 20  20 20 20 20 20 20 20 20  20 20 20 20 20 20 20 20                                    
V/HEX : 3300-331F: 3C 2F 52 6F 61 64 50 6F  69 6E 74 3E 0D 0A 20 20  20 20 20 20 20 20 20 20  20 20 20 20 20 20 20 20    </RoadPoint>..                  
V/HEX : 3320-333F: 20 20 20 20 20 20 20 20  20 20 20 20 20 20 20 20  20 20 3C 52 6F 61 64 50  6F 69 6E 74 3E 0D 0A 20                      <RoadPoint>.. 
V/HEX : 3340-335F: 20 20 20 20 20 20 20 20  20 20 20 20 20 20 20 20  20 20 20 20 20 20 20 20  20 20 20 20 20 20 20 20                                    
V/HEX : 3360-337F: 20 20 20 20 20 20 20 3C  70 6F 73 4F 66 66 73 65  74 3E 0D 0A 20 20 20 20  20 20 20 20 20 20 20 20           <posOffset>..            
V/HEX : 3380-339F: 20 20 20 20 20 20 20 20  20 20 20 20 20 20 20 20  20 20 20 20 20 20 20 20  20 20 20 20 20 20 20 20                                    
V/HEX : 33A0-33BF: 3C 6F 66 66 73 65 74 4C  4C 3E 0D 0A 20 20 20 20  20 20 20 20 20 20 20 20  20 20 20 20 20 20 20 20    <offsetLL>..                    
V/HEX : 33C0-33DF: 20 20 20 20 20 20 20 20  20 20 20 20 20 20 20 20  20 20 20 20 20 20 20 20  20 20 20 20 3C 70 6F 73                                <pos
V/HEX : 33E0-33FF: 69 74 69 6F 6E 2D 4C 61  74 4C 6F 6E 3E 0D 0A 20  20 20 20 20 20 20 20 20  20 20 20 20 20 20 20 20    ition-LatLon>..                 
V/HEX : 3400-341F: 20 20 20 20 20 20 20 20  20 20 20 20 20 20 20 20  20 20 20 20 20 20 20 20  20 20 20 20 20 20 20 20                                    
V/HEX : 3420-343F: 20 20 20 3C 6C 6F 6E 3E  31 31 36 34 30 30 34 33  32 37 3C 2F 6C 6F 6E 3E  0D 0A 20 20 20 20 20 20       <lon>1164004327</lon>..      
V/HEX : 3440-345F: 20 20 20 20 20 20 20 20  20 20 20 20 20 20 20 20  20 20 20 20 20 20 20 20  20 20 20 20 20 20 20 20                                    
V/HEX : 3460-347F: 20 20 20 20 20 20 20 20  20 20 20 20 20 20 3C 6C  61 74 3E 33 39 39 30 36  35 34 33 30 3C 2F 6C 61                  <lat>399065430</la
V/HEX : 3480-349F: 74 3E 0D 0A 20 20 20 20  20 20 20 20 20 20 20 20  20 20 20 20 20 20 20 20  20 20 20 20 20 20 20 20    t>..                            
V/HEX : 34A0-34BF: 20 20 20 20 20 20 20 20  20 20 20 20 20 20 20 20  20 20 20 20 3C 2F 70 6F  73 69 74 69 6F 6E 2D 4C                        </position-L
V/HEX : 34C0-34DF: 61 74 4C 6F 6E 3E 0D 0A  20 20 20 20 20 20 20 20  20 20 20 20 20 20 20 20  20 20 20 20 20 20 20 20    atLon>..                        
V/HEX : 34E0-34FF: 20 20 20 20 20 20 20 20  20 20 20 20 20 20 20 20  20 20 20 20 3C 2F 6F 66  66 73 65 74 4C 4C 3E 0D                        </offsetLL>.
V/HEX : 3500-351F: 0A 20 20 20 20 20 20 20  20 20 20 20 20 20 20 20  20 20 20 20 20 20 20 20  20 20 20 20 20 20 20 20    .                               
V/HEX : 3520-353F: 20 20 20 20 20 20 20 20  20 20 20 20 20 3C 6F 66  66 73 65 74 56 3E 0D 0A  20 20 20 20 20 20 20 20                 <offsetV>..        
V/HEX : 3540-355F: 20 20 20 20 20 20 20 20  20 20 20 20 20 20 20 20  20 20 20 20 20 20 20 20  20 20 20 20 20 20 20 20                                    
V/HEX : 3560-357F: 20 20 20 20 20 20 20 20  3C 65 6C 65 76 61 74 69  6F 6E 3E 30 3C 2F 65 6C  65 76 61 74 69 6F 6E 3E            <elevation>0</elevation>
V/HEX : 3580-359F: 0D 0A 20 20 20 20 20 20  20 20 20 20 20 20 20 20  20 20 20 20 20 20 20 20  20 20 20 20 20 20 20 20    ..                              
V/HEX : 35A0-35BF: 20 20 20 20 20 20 20 20  20 20 20 20 20 20 3C 2F  6F 66 66 73 65 74 56 3E  0D 0A 20 20 20 20 20 20                  </offsetV>..      
V/HEX : 35C0-35DF: 20 20 20 20 20 20 20 20  20 20 20 20 20 20 20 20  20 20 20 20 20 20 20 20  20 20 20 20 20 20 20 20                                    
V/HEX : 35E0-35FF: 20 20 3C 2F 70 6F 73 4F  66 66 73 65 74 3E 0D 0A  20 20 20 20 20 20 20 20  20 20 20 20 20 20 20 20      </posOffset>..                
V/HEX : 3600-361F: 20 20 20 20 20 20 20 20  20 20 20 20 20 20 20 20  20 20 20 20 3C 2F 52 6F  61 64 50 6F 69 6E 74 3E                        </RoadPoint>
V/HEX : 3620-363F: 0D 0A 20 20 20 20 20 20  20 20 20 20 20 20 20 20  20 20 20 20 20 20 20 20  20 20 20 20 20 20 20 20    ..                              
V/HEX : 3640-365F: 20 20 3C 2F 70 6F 69 6E  74 73 3E 0D 0A 20 20 20  20 20 20 20 20 20 20 20  20 20 20 20 20 20 20 20      </points>..                   
V/HEX : 3660-367F: 20 20 20 20 20 20 20 20  20 3C 2F 4C 61 6E 65 3E  0D 0A 20 20 20 20 20 20  20 20 20 20 20 20 20 20             </Lane>..              
V/HEX : 3680-369F: 20 20 20 20 20 20 20 20  20 20 3C 2F 6C 61 6E 65  73 3E 0D 0A 20 20 20 20  20 20 20 20 20 20 20 20              </lanes>..            
V/HEX : 36A0-36BF: 20 20 20 20 20 20 20 20  3C 2F 4C 69 6E 6B 3E 0D  0A 20 20 20 20 20 20 20  20 20 20 20 20 20 20 20            </Link>..               
V/HEX : 36C0-36DF: 20 20 20 20 20 3C 4C 69  6E 6B 3E 0D 0A 20 20 20  20 20 20 20 20 20 20 20  20 20 20 20 20 20 20 20         <Link>..                   
V/HEX : 36E0-36FF: 20 20 20 20 20 3C 6E 61  6D 65 3E 65 61 73 74 3C  2F 6E 61 6D 65 3E 0D 0A  20 20 20 20 20 20 20 20         <name>east</name>..        
V/HEX : 3700-371F: 20 20 20 20 20 20 20 20  20 20 20 20 20 20 20 20  3C 75 70 73 74 72 65 61  6D 4E 6F 64 65 49 64 3E                    <upstreamNodeId>
V/HEX : 3720-373F: 0D 0A 20 20 20 20 20 20  20 20 20 20 20 20 20 20  20 20 20 20 20 20 20 20  20 20 20 20 20 20 3C 72    ..                            <r
V/HEX : 3740-375F: 65 67 69 6F 6E 3E 31 3C  2F 72 65 67 69 6F 6E 3E  0D 0A 20 20 20 20 20 20  20 20 20 20 20 20 20 20    egion>1</region>..              
V/HEX : 3760-377F: 20 20 20 20 20 20 20 20  20 20 20 20 20 20 3C 69  64 3E 31 30 34 3C 2F 69  64 3E 0D 0A 20 20 20 20                  <id>104</id>..    
V/HEX : 3780-379F: 20 20 20 20 20 20 20 20  20 20 20 20 20 20 20 20  20 20 20 20 3C 2F 75 70  73 74 72 65 61 6D 4E 6F                        </upstreamNo
V/HEX : 37A0-37BF: 64 65 49 64 3E 0D 0A 20  20 20 20 20 20 20 20 20  20 20 20 20 20 20 20 20  20 20 20 20 20 20 20 3C    deId>..                        <
V/HEX : 37C0-37DF: 73 70 65 65 64 4C 69 6D  69 74 73 3E 0D 0A 20 20  20 20 20 20 20 20 20 20  20 20 20 20 20 20 20 20    speedLimits>..                  
V/HEX : 37E0-37FF: 20 20 20 20 20 20 20 20  20 20 3C 52 65 67 75 6C  61 74 6F 72 79 53 70 65  65 64 4C 69 6D 69 74 3E              <RegulatorySpeedLimit>
V/HEX : 3800-381F: 0D 0A 20 20 20 20 20 20  20 20 20 20 20 20 20 20  20 20 20 20 20 20 20 20  20 20 20 20 20 20 20 20    ..                              
V/HEX : 3820-383F: 20 20 3C 74 79 70 65 3E  3C 76 65 68 69 63 6C 65  4D 61 78 53 70 65 65 64  2F 3E 3C 2F 74 79 70 65      <type><vehicleMaxSpeed/></type
V/HEX : 3840-385F: 3E 0D 0A 20 20 20 20 20  20 20 20 20 20 20 20 20  20 20 20 20 20 20 20 20  20 20 20 20 20 20 20 20    >..                             
V/HEX : 3860-387F: 20 20 20 3C 73 70 65 65  64 3E 31 33 38 39 3C 2F  73 70 65 65 64 3E 0D 0A  20 20 20 20 20 20 20 20       <speed>1389</speed>..        
V/HEX : 3880-389F: 20 20 20 20 20 20 20 20  20 20 20 20 20 20 20 20  20 20 20 20 3C 2F 52 65  67 75 6C 61 74 6F 72 79                        </Regulatory
V/HEX : 38A0-38BF: 53 70 65 65 64 4C 69 6D  69 74 3E 0D 0A 20 20 20  20 20 20 20 20 20 20 20  20 20 20 20 20 20 20 20    SpeedLimit>..                   
V/HEX : 38C0-38DF: 20 20 20 20 20 3C 2F 73  70 65 65 64 4C 69 6D 69  74 73 3E 0D 0A 20 20 20  20 20 20 20 20 20 20 20         </speedLimits>..           
V/HEX : 38E0-38FF: 20 20 20 20 20 20 20 20  20 20 20 20 20 3C 6C 69  6E 6B 57 69 64 74 68 3E  33 37 35 3C 2F 6C 69 6E                 <linkWidth>375</lin
V/HEX : 3900-391F: 6B 57 69 64 74 68 3E 0D  0A 20 20 20 20 20 20 20  20 20 20 20 20 20 20 20  20 20 20 20 20 20 20 20    kWidth>..                       
V/HEX : 3920-393F: 20 3C 6C 61 6E 65 73 3E  0D 0A 20 20 20 20 20 20  20 20 20 20 20 20 20 20  20 20 20 20 20 20 20 20     <lanes>..                      
V/HEX : 3940-395F: 20 20 20 20 20 20 3C 4C  61 6E 65 3E 0D 0A 20 20  20 20 20 20 20 20 20 20  20 20 20 20 20 20 20 20          <Lane>..                  
V/HEX : 3960-397F: 20 20 20 20 20 20 20 20  20 20 20 20 20 20 3C 6C  61 6E 65 49 44 3E 31 3C  2F 6C 61 6E 65 49 44 3E                  <laneID>1</laneID>
V/HEX : 3980-399F: 0D 0A 20 20 20 20 20 20  20 20 20 20 20 20 20 20  20 20 20 20 20 20 20 20  20 20 20 20 20 20 20 20    ..                              
V/HEX : 39A0-39BF: 20 20 3C 6C 61 6E 65 57  69 64 74 68 3E 33 37 35  3C 2F 6C 61 6E 65 57 69  64 74 68 3E 0D 0A 20 20      <laneWidth>375</laneWidth>..  
V/HEX : 39C0-39DF: 20 20 20 20 20 20 20 20  20 20 20 20 20 20 20 20  20 20 20 20 20 20 20 20  20 20 20 20 20 20 3C 6D                                  <m
V/HEX : 39E0-39FF: 61 6E 65 75 76 65 72 73  3E 0D 0A 20 20 20 20 20  20 20 20 20 20 20 20 20  20 20 20 20 20 20 20 20    aneuvers>..                     
V/HEX : 3A00-3A1F: 20 20 20 20 20 20 20 20  20 20 20 20 20 20 20 31  30 30 30 30 30 30 30 30  30 30 30 0D 0A 20 20 20                   100000000000..   
V/HEX : 3A20-3A3F: 20 20 20 20 20 20 20 20  20 20 20 20 20 20 20 20  20 20 20 20 20 20 20 20  20 20 20 20 20 3C 2F 6D                                 </m
V/HEX : 3A40-3A5F: 61 6E 65 75 76 65 72 73  3E 0D 0A 20 20 20 20 20  20 20 20 20 20 20 20 20  20 20 20 20 20 20 20 20    aneuvers>..                     
V/HEX : 3A60-3A7F: 20 20 20 20 20 20 20 20  20 20 20 3C 63 6F 6E 6E  65 63 74 73 54 6F 3E 0D  0A 20 20 20 20 20 20 20               <connectsTo>..       
V/HEX : 3A80-3A9F: 20 20 20 20 20 20 20 20  20 20 20 20 20 20 20 20  20 20 20 20 20 20 20 20  20 20 20 20 20 3C 43 6F                                 <Co
V/HEX : 3AA0-3ABF: 6E 6E 65 63 74 69 6F 6E  3E 0D 0A 20 20 20 20 20  20 20 20 20 20 20 20 20  20 20 20 20 20 20 20 20    nnection>..                     
V/HEX : 3AC0-3ADF: 20 20 20 20 20 20 20 20  20 20 20 20 20 20 20 20  20 20 20 3C 72 65 6D 6F  74 65 49 6E 74 65 72 73                       <remoteInters
V/HEX : 3AE0-3AFF: 65 63 74 69 6F 6E 3E 0D  0A 20 20 20 20 20 20 20  20 20 20 20 20 20 20 20  20 20 20 20 20 20 20 20    ection>..                       
V/HEX : 3B00-3B1F: 20 20 20 20 20 20 20 20  20 20 20 20 20 20 20 20  20 20 20 20 20 3C 72 65  67 69 6F 6E 3E 31 3C 2F                         <region>1</
V/HEX : 3B20-3B3F: 72 65 67 69 6F 6E 3E 0D  0A 20 20 20 20 20 20 20  20 20 20 20 20 20 20 20  20 20 20 20 20 20 20 20    region>..                       
V/HEX : 3B40-3B5F: 20 20 20 20 20 20 20 20  20 20 20 20 20 20 20 20  20 20 20 20 20 3C 69 64  3E 31 30 33 3C 2F 69 64                         <id>103</id
V/HEX : 3B60-3B7F: 3E 0D 0A 20 20 20 20 20  20 20 20 20 20 20 20 20  20 20 20 20 20 20 20 20  20 20 20 20 20 20 20 20    >..                             
V/HEX : 3B80-3B9F: 20 20 20 20 20 20 20 20  20 20 20 3C 2F 72 65 6D  6F 74 65 49 6E 74 65 72  73 65 63 74 69 6F 6E 3E               </remoteIntersection>
V/HEX : 3BA0-3BBF: 0D 0A 20 20 20 20 20 20  20 20 20 20 20 20 20 20  20 20 20 20 20 20 20 20  20 20 20 20 20 20 20 20    ..                              
V/HEX : 3BC0-3BDF: 20 20 20 20 20 20 20 20  20 20 3C 63 6F 6E 6E 65  63 74 69 6E 67 4C 61 6E  65 3E 0D 0A 20 20 20 20              <connectingLane>..    
V/HEX : 3BE0-3BFF: 20 20 20 20 20 20 20 20  20 20 20 20 20 20 20 20  20 20 20 20 20 20 20 20  20 20 20 20 20 20 20 20                                    
V/HEX : 3C00-3C1F: 20 20 20 20 20 20 20 20  3C 6C 61 6E 65 3E 31 3C  2F 6C 61 6E 65 3E 0D 0A  20 20 20 20 20 20 20 20            <lane>1</lane>..        
V/HEX : 3C20-3C3F: 20 20 20 20 20 20 20 20  20 20 20 20 20 20 20 20  20 20 20 20 20 20 20 20  20 20 20 20 20 20 20 20                                    
V/HEX : 3C40-3C5F: 20 20 20 20 3C 6D 61 6E  65 75 76 65 72 3E 0D 0A  20 20 20 20 20 20 20 20  20 20 20 20 20 20 20 20        <maneuver>..                
V/HEX : 3C60-3C7F: 20 20 20 20 20 20 20 20  20 20 20 20 20 20 20 20  20 20 20 20 20 20 20 20  20 20 20 20 20 20 20 20                                    
V/HEX : 3C80-3C9F: 31 30 30 30 30 30 30 30  30 30 30 30 0D 0A 20 20  20 20 20 20 20 20 20 20  20 20 20 20 20 20 20 20    100000000000..                  
V/HEX : 3CA0-3CBF: 20 20 20 20 20 20 20 20  20 20 20 20 20 20 20 20  20 20 20 20 20 20 20 20  20 20 3C 2F 6D 61 6E 65                              </mane
V/HEX : 3CC0-3CDF: 75 76 65 72 3E 0D 0A 20  20 20 20 20 20 20 20 20  20 20 20 20 20 20 20 20  20 20 20 20 20 20 20 20    uver>..                         
V/HEX : 3CE0-3CFF: 20 20 20 20 20 20 20 20  20 20 20 20 20 20 20 3C  2F 63 6F 6E 6E 65 63 74  69 6E 67 4C 61 6E 65 3E                   </connectingLane>
V/HEX : 3D00-3D1F: 0D 0A 20 20 20 20 20 20  20 20 20 20 20 20 20 20  20 20 20 20 20 20 20 20  20 20 20 20 20 20 20 20    ..                              
V/HEX : 3D20-3D3F: 20 20 20 20 20 20 3C 2F  43 6F 6E 6E 65 63 74 69  6F 6E 3E 0D 0A 20 20 20  20 20 20 20 20 20 20 20          </Connection>..           
V/HEX : 3D40-3D5F: 20 20 20 20 20 20 20 20  20 20 20 20 20 20 20 20  20 20 20 20 20 3C 2F 63  6F 6E 6E 65 63 74 73 54                         </connectsT
V/HEX : 3D60-3D7F: 6F 3E 0D 0A 20 20 20 20  20 20 20 20 20 20 20 20  20 20 20 20 20 20 20 20  20 20 20 20 20 20 20 20    o>..                            
V/HEX : 3D80-3D9F: 20 20 20 20 3C 70 6F 69  6E 74 73 3E 0D 0A 20 20  20 20 20 20 20 20 20 20  20 20 20 20 20 20 20 20        <points>..                  
V/HEX : 3DA0-3DBF: 20 20 20 20 20 20 20 20  20 20 20 20 20 20 20 20  20 20 3C 52 6F 61 64 50  6F 69 6E 74 3E 0D 0A 20                      <RoadPoint>.. 
V/HEX : 3DC0-3DDF: 20 20 20 20 20 20 20 20  20 20 20 20 20 20 20 20  20 20 20 20 20 20 20 20  20 20 20 20 20 20 20 20                                    
V/HEX : 3DE0-3DFF: 20 20 20 20 20 20 20 3C  70 6F 73 4F 66 66 73 65  74 3E 0D 0A 20 20 20 20  20 20 20 20 20 20 20 20           <posOffset>..            
V/HEX : 3E00-3E1F: 20 20 20 20 20 20 20 20  20 20 20 20 20 20 20 20  20 20 20 20 20 20 20 20  20 20 20 20 20 20 20 20                                    
V/HEX : 3E20-3E3F: 3C 6F 66 66 73 65 74 4C  4C 3E 0D 0A 20 20 20 20  20 20 20 20 20 20 20 20  20 20 20 20 20 20 20 20    <offsetLL>..                    
V/HEX : 3E40-3E5F: 20 20 20 20 20 20 20 20  20 20 20 20 20 20 20 20  20 20 20 20 20 20 20 20  20 20 20 20 3C 70 6F 73                                <pos
V/HEX : 3E60-3E7F: 69 74 69 6F 6E 2D 4C 61  74 4C 6F 6E 3E 0D 0A 20  20 20 20 20 20 20 20 20  20 20 20 20 20 20 20 20    ition-LatLon>..                 
V/HEX : 3E80-3E9F: 20 20 20 20 20 20 20 20  20 20 20 20 20 20 20 20  20 20 20 20 20 20 20 20  20 20 20 20 20 20 20 20                                    
V/HEX : 3EA0-3EBF: 20 20 20 3C 6C 6F 6E 3E  31 31 36 34 30 31 33 34  31 33 3C 2F 6C 6F 6E 3E  0D 0A 20 20 20 20 20 20       <lon>1164013413</lon>..      
V/HEX : 3EC0-3EDF: 20 20 20 20 20 20 20 20  20 20 20 20 20 20 20 20  20 20 20 20 20 20 20 20  20 20 20 20 20 20 20 20                                    
V/HEX : 3EE0-3EFF: 20 20 20 20 20 20 20 20  20 20 20 20 20 20 3C 6C  61 74 3E 33 39 39 30 36  35 37 32 39 3C 2F 6C 61                  <lat>399065729</la
V/HEX : 3F00-3F1F: 74 3E 0D 0A 20 20 20 20  20 20 20 20 20 20 20 20  20 20 20 20 20 20 20 20  20 20 20 20 20 20 20 20    t>..                            
V/HEX : 3F20-3F3F: 20 20 20 20 20 20 20 20  20 20 20 20 20 20 20 20  20 20 20 20 3C 2F 70 6F  73 69 74 69 6F 6E 2D 4C                        </position-L
V/HEX : 3F40-3F5F: 61 74 4C 6F 6E 3E 0D 0A  20 20 20 20 20 20 20 20  20 20 20 20 20 20 20 20  20 20 20 20 20 20 20 20    atLon>..                        
V/HEX : 3F60-3F7F: 20 20 20 20 20 20 20 20  20 20 20 20 20 20 20 20  20 20 20 20 3C 2F 6F 66  66 73 65 74 4C 4C 3E 0D                        </offsetLL>.
V/HEX : 3F80-3F9F: 0A 20 20 20 20 20 20 20  20 20 20 20 20 20 20 20  20 20 20 20 20 20 20 20  20 20 20 20 20 20 20 20    .                               
V/HEX : 3FA0-3FBF: 20 20 20 20 20 20 20 20  20 20 20 20 20 3C 6F 66  66 73 65 74 56 3E 0D 0A  20 20 20 20 20 20 20 20                 <offsetV>..        
V/HEX : 3FC0-3FDF: 20 20 20 20 20 20 20 20  20 20 20 20 20 20 20 20  20 20 20 20 20 20 20 20  20 20 20 20 20 20 20 20                                    
V/HEX : 3FE0-3FFF: 20 20 20 20 20 20 20 20  3C 65 6C 65 76 61 74 69  6F 6E 3E 30 3C 2F 65 6C  65 76 61 74 69 6F 6E 3E            <elevation>0</elevation>
V/HEX : 4000-401F: 0D 0A 20 20 20 20 20 20  20 20 20 20 20 20 20 20  20 20 20 20 20 20 20 20  20 20 20 20 20 20 20 20    ..                              
V/HEX : 4020-403F: 20 20 20 20 20 20 20 20  20 20 20 20 20 20 3C 2F  6F 66 66 73 65 74 56 3E  0D 0A 20 20 20 20 20 20                  </offsetV>..      
V/HEX : 4040-405F: 20 20 20 20 20 20 20 20  20 20 20 20 20 20 20 20  20 20 20 20 20 20 20 20  20 20 20 20 20 20 20 20                                    
V/HEX : 4060-407F: 20 20 3C 2F 70 6F 73 4F  66 66 73 65 74 3E 0D 0A  20 20 20 20 20 20 20 20  20 20 20 20 20 20 20 20      </posOffset>..                
V/HEX : 4080-409F: 20 20 20 20 20 20 20 20  20 20 20 20 20 20 20 20  20 20 20 20 3C 2F 52 6F  61 64 50 6F 69 6E 74 3E                        </RoadPoint>
V/HEX : 40A0-40BF: 0D 0A 20 20 20 20 20 20  20 20 20 20 20 20 20 20  20 20 20 20 20 20 20 20  20 20 20 20 20 20 20 20    ..                              
V/HEX : 40C0-40DF: 20 20 20 20 20 20 3C 52  6F 61 64 50 6F 69 6E 74  3E 0D 0A 20 20 20 20 20  20 20 20 20 20 20 20 20          <RoadPoint>..             
V/HEX : 40E0-40FF: 20 20 20 20 20 20 20 20  20 20 20 20 20 20 20 20  20 20 20 20 20 20 20 20  20 20 20 3C 70 6F 73 4F                               <posO
V/HEX : 4100-411F: 66 66 73 65 74 3E 0D 0A  20 20 20 20 20 20 20 20  20 20 20 20 20 20 20 20  20 20 20 20 20 20 20 20    ffset>..                        
V/HEX : 4120-413F: 20 20 20 20 20 20 20 20  20 20 20 20 20 20 20 20  20 20 20 20 3C 6F 66 66  73 65 74 4C 4C 3E 0D 0A                        <offsetLL>..
V/HEX : 4140-415F: 20 20 20 20 20 20 20 20  20 20 20 20 20 20 20 20  20 20 20 20 20 20 20 20  20 20 20 20 20 20 20 20                                    
V/HEX : 4160-417F: 20 20 20 20 20 20 20 20  20 20 20 20 20 20 20 20  3C 70 6F 73 69 74 69 6F  6E 2D 4C 61 74 4C 6F 6E                    <position-LatLon
V/HEX : 4180-419F: 3E 0D 0A 20 20 20 20 20  20 20 20 20 20 20 20 20  20 20 20 20 20 20 20 20  20 20 20 20 20 20 20 20    >..                             
V/HEX : 41A0-41BF: 20 20 20 20 20 20 20 20  20 20 20 20 20 20 20 20  20 20 20 20 20 20 20 3C  6C 6F 6E 3E 31 31 36 34                           <lon>1164
V/HEX : 41C0-41DF: 30 30 38 33 31 31 3C 2F  6C 6F 6E 3E 0D 0A 20 20  20 20 20 20 20 20 20 20  20 20 20 20 20 20 20 20    008311</lon>..                  
V/HEX : 41E0-41FF: 20 20 20 20 20 20 20 20  20 20 20 20 20 20 20 20  20 20 20 20 20 20 20 20  20 20 20 20 20 20 20 20                                    
V/HEX : 4200-421F: 20 20 3C 6C 61 74 3E 33  39 39 30 36 35 37 33 30  3C 2F 6C 61 74 3E 0D 0A  20 20 20 20 20 20 20 20      <lat>399065730</lat>..        
V/HEX : 4220-423F: 20 20 20 20 20 20 20 20  20 20 20 20 20 20 20 20  20 20 20 20 20 20 20 20  20 20 20 20 20 20 20 20                                    
V/HEX : 4240-425F: 20 20 20 20 20 20 20 20  3C 2F 70 6F 73 69 74 69  6F 6E 2D 4C 61 74 4C 6F  6E 3E 0D 0A 20 20 20 20            </position-LatLon>..    
V/HEX : 4260-427F: 20 20 20 20 20 20 20 20  20 20 20 20 20 20 20 20  20 20 20 20 20 20 20 20  20 20 20 20 20 20 20 20                                    
V/HEX : 4280-429F: 20 20 20 20 20 20 20 20  3C 2F 6F 66 66 73 65 74  4C 4C 3E 0D 0A 20 20 20  20 20 20 20 20 20 20 20            </offsetLL>..           
V/HEX : 42A0-42BF: 20 20 20 20 20 20 20 20  20 20 20 20 20 20 20 20  20 20 20 20 20 20 20 20  20 20 20 20 20 20 20 20                                    
V/HEX : 42C0-42DF: 20 3C 6F 66 66 73 65 74  56 3E 0D 0A 20 20 20 20  20 20 20 20 20 20 20 20  20 20 20 20 20 20 20 20     <offsetV>..                    
V/HEX : 42E0-42FF: 20 20 20 20 20 20 20 20  20 20 20 20 20 20 20 20  20 20 20 20 20 20 20 20  20 20 20 20 3C 65 6C 65                                <ele
V/HEX : 4300-431F: 76 61 74 69 6F 6E 3E 30  3C 2F 65 6C 65 76 61 74  69 6F 6E 3E 0D 0A 20 20  20 20 20 20 20 20 20 20    vation>0</elevation>..          
V/HEX : 4320-433F: 20 20 20 20 20 20 20 20  20 20 20 20 20 20 20 20  20 20 20 20 20 20 20 20  20 20 20 20 20 20 20 20                                    
V/HEX : 4340-435F: 20 20 3C 2F 6F 66 66 73  65 74 56 3E 0D 0A 20 20  20 20 20 20 20 20 20 20  20 20 20 20 20 20 20 20      </offsetV>..                  
V/HEX : 4360-437F: 20 20 20 20 20 20 20 20  20 20 20 20 20 20 20 20  20 20 20 20 20 20 3C 2F  70 6F 73 4F 66 66 73 65                          </posOffse
V/HEX : 4380-439F: 74 3E 0D 0A 20 20 20 20  20 20 20 20 20 20 20 20  20 20 20 20 20 20 20 20  20 20 20 20 20 20 20 20    t>..                            
V/HEX : 43A0-43BF: 20 20 20 20 20 20 20 20  3C 2F 52 6F 61 64 50 6F  69 6E 74 3E 0D 0A 20 20  20 20 20 20 20 20 20 20            </RoadPoint>..          
V/HEX : 43C0-43DF: 20 20 20 20 20 20 20 20  20 20 20 20 20 20 20 20  20 20 20 20 20 20 20 20  20 20 3C 52 6F 61 64 50                              <RoadP
V/HEX : 43E0-43FF: 6F 69 6E 74 3E 0D 0A 20  20 20 20 20 20 20 20 20  20 20 20 20 20 20 20 20  20 20 20 20 20 20 20 20    oint>..                         
V/HEX : 4400-441F: 20 20 20 20 20 20 20 20  20 20 20 20 20 20 20 3C  70 6F 73 4F 66 66 73 65  74 3E 0D 0A 20 20 20 20                   <posOffset>..    
V/HEX : 4420-443F: 20 20 20 20 20 20 20 20  20 20 20 20 20 20 20 20  20 20 20 20 20 20 20 20  20 20 20 20 20 20 20 20                                    
V/HEX : 4440-445F: 20 20 20 20 20 20 20 20  3C 6F 66 66 73 65 74 4C  4C 3E 0D 0A 20 20 20 20  20 20 20 20 20 20 20 20            <offsetLL>..            
V/HEX : 4460-447F: 20 20 20 20 20 20 20 20  20 20 20 20 20 20 20 20  20 20 20 20 20 20 20 20  20 20 20 20 20 20 20 20                                    
V/HEX : 4480-449F: 20 20 20 20 3C 70 6F 73  69 74 69 6F 6E 2D 4C 61  74 4C 6F 6E 3E 0D 0A 20  20 20 20 20 20 20 20 20        <position-LatLon>..         
V/HEX : 44A0-44BF: 20 20 20 20 20 20 20 20  20 20 20 20 20 20 20 20  20 20 20 20 20 20 20 20  20 20 20 20 20 20 20 20                                    
V/HEX : 44C0-44DF: 20 20 20 20 20 20 20 20  20 20 20 3C 6C 6F 6E 3E  31 31 36 34 30 30 35 36  31 35 3C 2F 6C 6F 6E 3E               <lon>1164005615</lon>
V/HEX : 44E0-44FF: 0D 0A 20 20 20 20 20 20  20 20 20 20 20 20 20 20  20 20 20 20 20 20 20 20  20 20 20 20 20 20 20 20    ..                              
V/HEX : 4500-451F: 20 20 20 20 20 20 20 20  20 20 20 20 20 20 20 20  20 20 20 20 20 20 3C 6C  61 74 3E 33 39 39 30 36                          <lat>39906
V/HEX : 4520-453F: 35 37 33 30 3C 2F 6C 61  74 3E 0D 0A 20 20 20 20  20 20 20 20 20 20 20 20  20 20 20 20 20 20 20 20    5730</lat>..                    
V/HEX : 4540-455F: 20 20 20 20 20 20 20 20  20 20 20 20 20 20 20 20  20 20 20 20 20 20 20 20  20 20 20 20 3C 2F 70 6F                                </po
V/HEX : 4560-457F: 73 69 74 69 6F 6E 2D 4C  61 74 4C 6F 6E 3E 0D 0A  20 20 20 20 20 20 20 20  20 20 20 20 20 20 20 20    sition-LatLon>..                
V/HEX : 4580-459F: 20 20 20 20 20 20 20 20  20 20 20 20 20 20 20 20  20 20 20 20 20 20 20 20  20 20 20 20 3C 2F 6F 66                                </of
V/HEX : 45A0-45BF: 66 73 65 74 4C 4C 3E 0D  0A 20 20 20 20 20 20 20  20 20 20 20 20 20 20 20  20 20 20 20 20 20 20 20    fsetLL>..                       
V/HEX : 45C0-45DF: 20 20 20 20 20 20 20 20  20 20 20 20 20 20 20 20  20 20 20 20 20 3C 6F 66  66 73 65 74 56 3E 0D 0A                         <offsetV>..
V/HEX : 45E0-45FF: 20 20 20 20 20 20 20 20  20 20 20 20 20 20 20 20  20 20 20 20 20 20 20 20  20 20 20 20 20 20 20 20                                    
V/HEX : 4600-461F: 20 20 20 20 20 20 20 20  20 20 20 20 20 20 20 20  3C 65 6C 65 76 61 74 69  6F 6E 3E 30 3C 2F 65 6C                    <elevation>0</el
V/HEX : 4620-463F: 65 76 61 74 69 6F 6E 3E  0D 0A 20 20 20 20 20 20  20 20 20 20 20 20 20 20  20 20 20 20 20 20 20 20    evation>..                      
V/HEX : 4640-465F: 20 20 20 20 20 20 20 20  20 20 20 20 20 20 20 20  20 20 20 20 20 20 3C 2F  6F 66 66 73 65 74 56 3E                          </offsetV>
V/HEX : 4660-467F: 0D 0A 20 20 20 20 20 20  20 20 20 20 20 20 20 20  20 20 20 20 20 20 20 20  20 20 20 20 20 20 20 20    ..                              
V/HEX : 4680-469F: 20 20 20 20 20 20 20 20  20 20 3C 2F 70 6F 73 4F  66 66 73 65 74 3E 0D 0A  20 20 20 20 20 20 20 20              </posOffset>..        
V/HEX : 46A0-46BF: 20 20 20 20 20 20 20 20  20 20 20 20 20 20 20 20  20 20 20 20 20 20 20 20  20 20 20 20 3C 2F 52 6F                                </Ro
V/HEX : 46C0-46DF: 61 64 50 6F 69 6E 74 3E  0D 0A 20 20 20 20 20 20  20 20 20 20 20 20 20 20  20 20 20 20 20 20 20 20    adPoint>..                      
V/HEX : 46E0-46FF: 20 20 20 20 20 20 20 20  20 20 3C 2F 70 6F 69 6E  74 73 3E 0D 0A 20 20 20  20 20 20 20 20 20 20 20              </points>..           
V/HEX : 4700-471F: 20 20 20 20 20 20 20 20  20 20 20 20 20 20 20 20  20 3C 2F 4C 61 6E 65 3E  0D 0A 20 20 20 20 20 20                     </Lane>..      
V/HEX : 4720-473F: 20 20 20 20 20 20 20 20  20 20 20 20 20 20 20 20  20 20 3C 2F 6C 61 6E 65  73 3E 0D 0A 20 20 20 20                      </lanes>..    
V/HEX : 4740-475F: 20 20 20 20 20 20 20 20  20 20 20 20 20 20 20 20  3C 2F 4C 69 6E 6B 3E 0D  0A 20 20 20 20 20 20 20                    </Link>..       
V/HEX : 4760-477F: 20 20 20 20 20 20 20 20  20 3C 2F 69 6E 4C 69 6E  6B 73 3E 0D 0A 20 20 20  20 20 20 20 20 20 20 20             </inLinks>..           
V/HEX : 4780-479F: 20 3C 2F 4E 6F 64 65 3E  0D 0A 20 20 20 20 20 20  20 20 3C 2F 6E 6F 64 65  73 3E 0D 0A 20 20 20 20     </Node>..        </nodes>..    
V/HEX : 47A0-47BF: 3C 2F 6D 61 70 46 72 61  6D 65 3E 0D 0A 3C 2F 4D  65 73 73 61 67 65 46 72  61 6D 65 3E 0D 0A          </mapFrame>..</MessageFrame>..
I[MAPF ] [2024-05-22 14:46:21.12091 1361438] /home/ubuntu/code/v2xstack/src/tools/v2xapp_gbframetool/v2xapp_mapfunc.c:v2xapp_GBGenMapUper:118:save generate file to simMAP.xml.uper SUCCESS
